#
# A fatal error has been detected by the Java Runtime Environment:
#
#  SIGSEGV (0xb) at pc=0x0000000000000055, pid=9249, tid=0x00007f32cd07f700
#
# JRE version: Java(TM) SE Runtime Environment (8.0_171-b11) (build 1.8.0_171-b11)
# Java VM: Java HotSpot(TM) 64-Bit Server VM (25.171-b11 mixed mode linux-amd64 compressed oops)
# Problematic frame:
# C  0x0000000000000055
#
# Failed to write core dump. Core dumps have been disabled. To enable core dumping, try "ulimit -c unlimited" before starting Java again
#
# If you would like to submit a bug report, please visit:
#   http://bugreport.java.com/bugreport/crash.jsp
# The crash happened outside the Java Virtual Machine in native code.
# See problematic frame for where to report the bug.
#

---------------  T H R E A D  ---------------

Current thread (0x00007f32c400a800):  JavaThread "main" [_thread_in_native, id=9251, stack(0x00007f32ccf7f000,0x00007f32cd080000)]

siginfo: si_signo: 11 (SIGSEGV), si_code: 1 (SEGV_MAPERR), si_addr: 0x0000000000000055

Registers:
RAX=0x00000000c42fbed0, RBX=0x00007f32c8bcb118, RCX=0x00007f32c42fdd00, RDX=0x00007f32c42fbe80
RSP=0x00007f32cd07c8c8, RBP=0x00007f32cd07cd60, RSI=0x00007f32c4000028, RDI=0x00007f32c42fbfb8
R8 =0x00007f32c42fbb20, R9 =0x0000000000000000, R10=0xd6e08c5d82bcd0af, R11=0x16294ad99a96dbd5
R12=0x0000000000000000, R13=0x00007f32c8bcb118, R14=0x00007f32cd07d128, R15=0x00007f32c400a800
RIP=0x0000000000000055, EFLAGS=0x0000000000010206, CSGSFS=0x0000000000000033, ERR=0x0000000000000014
  TRAPNO=0x000000000000000e

Top of Stack: (sp=0x00007f32cd07c8c8)
0x00007f32cd07c8c8:   00007f32a30c60ee 00007f32cd07cd60
0x00007f32cd07c8d8:   00007f32a356e131 00000000ffffffff
0x00007f32cd07c8e8:   00007f32cd07cea0 00007f32cd07cfa0
0x00007f32cd07c8f8:   00007f32cd07cda0 00007f32a356e5a8
0x00007f32cd07c908:   00007f32cd07c998 0000000000000000
0x00007f32cd07c918:   00007f32b5018c06 0000000000000000
0x00007f32cd07c928:   00000007917eca18 00007f32c42fa8b0
0x00007f32cd07c938:   00007f32c43004c0 00007f32c42fa8b0
0x00007f32cd07c948:   00007f32c42fc180 00007f32cd07c970
0x00007f32cd07c958:   00007f32c42fbfb0 0000000300000003
0x00007f32cd07c968:   00007f32c42f7900 00007f32a30a9900
0x00007f32cd07c978:   00007f32a30a97b0 00007f32a30a9800
0x00007f32cd07c988:   00007f32a30aaca0 00007f32a30a38c0
0x00007f32cd07c998:   00007f32a30a9940 00007f32a30a9830
0x00007f32cd07c9a8:   00007f32a30a99f0 00007f32a30aab40
0x00007f32cd07c9b8:   00007f32a30aa120 00007f32a30aaed0
0x00007f32cd07c9c8:   00007f32a30ab060 00007f32a30a9dc0
0x00007f32cd07c9d8:   00007f32a30a9d40 00007f32a30a4c70
0x00007f32cd07c9e8:   00007f32a30a37b0 00007f32a30a37c0
0x00007f32cd07c9f8:   00007f32a30a37d0 00007f32a30a37e0
0x00007f32cd07ca08:   00007f32a30aa1a0 00007f32a30a3940
0x00007f32cd07ca18:   00007f32a30a3510 00007f32a30a3590
0x00007f32cd07ca28:   00007f32a30a3bd0 00007f32a30aa000
0x00007f32cd07ca38:   000000079134cd28 00000007918502c8
0x00007f32cd07ca48:   00007f32a30aadc0 00007f32a30a3500
0x00007f32cd07ca58:   0000000000000000 00007f32a30aa340
0x00007f32cd07ca68:   00007f32a30aa6c0 00007f32a30a9c80
0x00007f32cd07ca78:   00007f32a30aa5b0 00007f32a30aa9f0
0x00007f32cd07ca88:   00007f32a30a9840 00007f32a30a9890
0x00007f32cd07ca98:   00007f32a30aa2c0 00007f32a30a98a0
0x00007f32cd07caa8:   00007f32a30a9cc0 00007f32a30aa470
0x00007f32cd07cab8:   0000000000ffffff 646e613100000014 

Instructions: (pc=0x0000000000000055)
0x0000000000000035:   
[error occurred during error reporting (printing registers, top of stack, instructions near pc), id 0xb]

Register to memory mapping:

RAX=0x00000000c42fbed0 is an unknown value
RBX={method} {0x00007f32c8bcb118} 'generate_x_and_p' '()[Ljava/lang/String;' in 'SignUtil'
RCX=0x00007f32c42fdd00 is an unknown value
RDX=0x00007f32c42fbe80 is an unknown value
RSP=0x00007f32cd07c8c8 is pointing into the stack for thread: 0x00007f32c400a800
RBP=0x00007f32cd07cd60 is pointing into the stack for thread: 0x00007f32c400a800
RSI=0x00007f32c4000028 is an unknown value
RDI=0x00007f32c42fbfb8 is an unknown value
R8 =0x00007f32c42fbb20 is an unknown value
R9 =0x0000000000000000 is an unknown value
R10=0xd6e08c5d82bcd0af is an unknown value
R11=0x16294ad99a96dbd5 is an unknown value
R12=0x0000000000000000 is an unknown value
R13={method} {0x00007f32c8bcb118} 'generate_x_and_p' '()[Ljava/lang/String;' in 'SignUtil'
R14=0x00007f32cd07d128 is pointing into the stack for thread: 0x00007f32c400a800
R15=0x00007f32c400a800 is a thread


Stack: [0x00007f32ccf7f000,0x00007f32cd080000],  sp=0x00007f32cd07c8c8,  free space=1014k
Native frames: (J=compiled Java code, j=interpreted, Vv=VM code, C=native code)
C  0x0000000000000055
C  [libhycloudnative.so+0x2641]  Java_SignUtil_generate_1x_1and_1p+0x99
j  SignUtil.generate_x_and_p()[Ljava/lang/String;+0
j  GreetingTest.test_generate_param()V+0
v  ~StubRoutines::call_stub
V  [libjvm.so+0x695b96]  JavaCalls::call_helper(JavaValue*, methodHandle*, JavaCallArguments*, Thread*)+0x1056
V  [libjvm.so+0x9a4677]  Reflection::invoke(instanceKlassHandle, methodHandle, Handle, bool, objArrayHandle, BasicType, objArrayHandle, bool, Thread*)+0x5d7
V  [libjvm.so+0x9a7d87]  Reflection::invoke_method(oopDesc*, Handle, objArrayHandle, Thread*)+0x147
V  [libjvm.so+0x727d4b]  JVM_InvokeMethod+0x26b
j  sun.reflect.NativeMethodAccessorImpl.invoke0(Ljava/lang/reflect/Method;Ljava/lang/Object;[Ljava/lang/Object;)Ljava/lang/Object;+0
j  sun.reflect.NativeMethodAccessorImpl.invoke(Ljava/lang/Object;[Ljava/lang/Object;)Ljava/lang/Object;+100
j  sun.reflect.DelegatingMethodAccessorImpl.invoke(Ljava/lang/Object;[Ljava/lang/Object;)Ljava/lang/Object;+6
j  java.lang.reflect.Method.invoke(Ljava/lang/Object;[Ljava/lang/Object;)Ljava/lang/Object;+56
j  org.junit.internal.runners.TestMethodRunner.executeMethodBody()V+12
j  org.junit.internal.runners.TestMethodRunner.runUnprotected()V+1
j  org.junit.internal.runners.BeforeAndAfterRunner.runProtected()V+5
j  org.junit.internal.runners.TestMethodRunner.runMethod()V+1
j  org.junit.internal.runners.TestMethodRunner.run()V+64
j  org.junit.internal.runners.TestClassMethodsRunner.invokeTestMethod(Ljava/lang/reflect/Method;Lorg/junit/runner/notification/RunNotifier;)V+28
j  org.junit.internal.runners.TestClassMethodsRunner.run(Lorg/junit/runner/notification/RunNotifier;)V+47
j  org.junit.internal.runners.TestClassRunner$1.runUnprotected()V+11
j  org.junit.internal.runners.BeforeAndAfterRunner.runProtected()V+5
j  org.junit.internal.runners.TestClassRunner.run(Lorg/junit/runner/notification/RunNotifier;)V+20
j  org.apache.maven.surefire.junit4.JUnit4TestSet.execute(Ljava/lang/Class;Lorg/junit/runner/notification/RunNotifier;)V+10
j  org.apache.maven.surefire.junit4.JUnit4Provider.executeTestSet(Ljava/lang/Class;Lorg/apache/maven/surefire/report/ReporterManager;Ljava/lang/ClassLoader;Lorg/junit/runner/notification/RunNotifier;)V+41
j  org.apache.maven.surefire.junit4.JUnit4Provider.invoke(Ljava/lang/Object;)Lorg/apache/maven/surefire/suite/RunResult;+120
v  ~StubRoutines::call_stub
V  [libjvm.so+0x695b96]  JavaCalls::call_helper(JavaValue*, methodHandle*, JavaCallArguments*, Thread*)+0x1056
V  [libjvm.so+0x9a4677]  Reflection::invoke(instanceKlassHandle, methodHandle, Handle, bool, objArrayHandle, BasicType, objArrayHandle, bool, Thread*)+0x5d7
V  [libjvm.so+0x9a7d87]  Reflection::invoke_method(oopDesc*, Handle, objArrayHandle, Thread*)+0x147
V  [libjvm.so+0x727d4b]  JVM_InvokeMethod+0x26b
j  sun.reflect.NativeMethodAccessorImpl.invoke0(Ljava/lang/reflect/Method;Ljava/lang/Object;[Ljava/lang/Object;)Ljava/lang/Object;+0
j  sun.reflect.NativeMethodAccessorImpl.invoke(Ljava/lang/Object;[Ljava/lang/Object;)Ljava/lang/Object;+100
j  sun.reflect.DelegatingMethodAccessorImpl.invoke(Ljava/lang/Object;[Ljava/lang/Object;)Ljava/lang/Object;+6
j  java.lang.reflect.Method.invoke(Ljava/lang/Object;[Ljava/lang/Object;)Ljava/lang/Object;+56
j  org.apache.maven.surefire.booter.ProviderFactory$ClassLoaderProxy.invoke(Ljava/lang/Object;Ljava/lang/reflect/Method;[Ljava/lang/Object;)Ljava/lang/Object;+48
j  com.sun.proxy.$Proxy0.invoke(Ljava/lang/Object;)Lorg/apache/maven/surefire/suite/RunResult;+16
j  org.apache.maven.surefire.booter.SurefireStarter.invokeProvider(Ljava/lang/Object;Ljava/lang/ClassLoader;Ljava/lang/ClassLoader;)Lorg/apache/maven/surefire/suite/RunResult;+39
j  org.apache.maven.surefire.booter.SurefireStarter.runSuitesInProcess()Lorg/apache/maven/surefire/suite/RunResult;+23
j  org.apache.maven.surefire.booter.ForkedBooter.main([Ljava/lang/String;)V+134
v  ~StubRoutines::call_stub
V  [libjvm.so+0x695b96]  JavaCalls::call_helper(JavaValue*, methodHandle*, JavaCallArguments*, Thread*)+0x1056
V  [libjvm.so+0x6d7292]  jni_invoke_static(JNIEnv_*, JavaValue*, _jobject*, JNICallType, _jmethodID*, JNI_ArgumentPusher*, Thread*)+0x362
V  [libjvm.so+0x6f3afa]  jni_CallStaticVoidMethod+0x17a
C  [libjli.so+0x80ff]  JavaMain+0x81f
C  [libpthread.so.0+0x76ba]  start_thread+0xca

Java frames: (J=compiled Java code, j=interpreted, Vv=VM code)
j  SignUtil.generate_x_and_p()[Ljava/lang/String;+0
j  GreetingTest.test_generate_param()V+0
v  ~StubRoutines::call_stub
j  sun.reflect.NativeMethodAccessorImpl.invoke0(Ljava/lang/reflect/Method;Ljava/lang/Object;[Ljava/lang/Object;)Ljava/lang/Object;+0
j  sun.reflect.NativeMethodAccessorImpl.invoke(Ljava/lang/Object;[Ljava/lang/Object;)Ljava/lang/Object;+100
j  sun.reflect.DelegatingMethodAccessorImpl.invoke(Ljava/lang/Object;[Ljava/lang/Object;)Ljava/lang/Object;+6
j  java.lang.reflect.Method.invoke(Ljava/lang/Object;[Ljava/lang/Object;)Ljava/lang/Object;+56
j  org.junit.internal.runners.TestMethodRunner.executeMethodBody()V+12
j  org.junit.internal.runners.TestMethodRunner.runUnprotected()V+1
j  org.junit.internal.runners.BeforeAndAfterRunner.runProtected()V+5
j  org.junit.internal.runners.TestMethodRunner.runMethod()V+1
j  org.junit.internal.runners.TestMethodRunner.run()V+64
j  org.junit.internal.runners.TestClassMethodsRunner.invokeTestMethod(Ljava/lang/reflect/Method;Lorg/junit/runner/notification/RunNotifier;)V+28
j  org.junit.internal.runners.TestClassMethodsRunner.run(Lorg/junit/runner/notification/RunNotifier;)V+47
j  org.junit.internal.runners.TestClassRunner$1.runUnprotected()V+11
j  org.junit.internal.runners.BeforeAndAfterRunner.runProtected()V+5
j  org.junit.internal.runners.TestClassRunner.run(Lorg/junit/runner/notification/RunNotifier;)V+20
j  org.apache.maven.surefire.junit4.JUnit4TestSet.execute(Ljava/lang/Class;Lorg/junit/runner/notification/RunNotifier;)V+10
j  org.apache.maven.surefire.junit4.JUnit4Provider.executeTestSet(Ljava/lang/Class;Lorg/apache/maven/surefire/report/ReporterManager;Ljava/lang/ClassLoader;Lorg/junit/runner/notification/RunNotifier;)V+41
j  org.apache.maven.surefire.junit4.JUnit4Provider.invoke(Ljava/lang/Object;)Lorg/apache/maven/surefire/suite/RunResult;+120
v  ~StubRoutines::call_stub
j  sun.reflect.NativeMethodAccessorImpl.invoke0(Ljava/lang/reflect/Method;Ljava/lang/Object;[Ljava/lang/Object;)Ljava/lang/Object;+0
j  sun.reflect.NativeMethodAccessorImpl.invoke(Ljava/lang/Object;[Ljava/lang/Object;)Ljava/lang/Object;+100
j  sun.reflect.DelegatingMethodAccessorImpl.invoke(Ljava/lang/Object;[Ljava/lang/Object;)Ljava/lang/Object;+6
j  java.lang.reflect.Method.invoke(Ljava/lang/Object;[Ljava/lang/Object;)Ljava/lang/Object;+56
j  org.apache.maven.surefire.booter.ProviderFactory$ClassLoaderProxy.invoke(Ljava/lang/Object;Ljava/lang/reflect/Method;[Ljava/lang/Object;)Ljava/lang/Object;+48
j  com.sun.proxy.$Proxy0.invoke(Ljava/lang/Object;)Lorg/apache/maven/surefire/suite/RunResult;+16
j  org.apache.maven.surefire.booter.SurefireStarter.invokeProvider(Ljava/lang/Object;Ljava/lang/ClassLoader;Ljava/lang/ClassLoader;)Lorg/apache/maven/surefire/suite/RunResult;+39
j  org.apache.maven.surefire.booter.SurefireStarter.runSuitesInProcess()Lorg/apache/maven/surefire/suite/RunResult;+23
j  org.apache.maven.surefire.booter.ForkedBooter.main([Ljava/lang/String;)V+134
v  ~StubRoutines::call_stub

---------------  P R O C E S S  ---------------

Java Threads: ( => current thread )
  0x00007f32c4141800 JavaThread "Service Thread" daemon [_thread_blocked, id=9261, stack(0x00007f32a3872000,0x00007f32a3973000)]
  0x00007f32c413f000 JavaThread "C1 CompilerThread1" daemon [_thread_blocked, id=9260, stack(0x00007f32a3973000,0x00007f32a3a74000)]
  0x00007f32c413c000 JavaThread "C2 CompilerThread0" daemon [_thread_blocked, id=9259, stack(0x00007f32a3a74000,0x00007f32a3b75000)]
  0x00007f32c413a800 JavaThread "Signal Dispatcher" daemon [_thread_blocked, id=9258, stack(0x00007f32b00b7000,0x00007f32b01b8000)]
  0x00007f32c4107800 JavaThread "Finalizer" daemon [_thread_blocked, id=9257, stack(0x00007f32b01b8000,0x00007f32b02b9000)]
  0x00007f32c4103000 JavaThread "Reference Handler" daemon [_thread_blocked, id=9256, stack(0x00007f32b02b9000,0x00007f32b03ba000)]
=>0x00007f32c400a800 JavaThread "main" [_thread_in_native, id=9251, stack(0x00007f32ccf7f000,0x00007f32cd080000)]

Other Threads:
  0x00007f32c40fb800 VMThread [stack: 0x00007f32b03ba000,0x00007f32b04bb000] [id=9255]
  0x00007f32c4146800 WatcherThread [stack: 0x00007f32a3771000,0x00007f32a3872000] [id=9262]

VM state:not at safepoint (normal execution)

VM Mutex/Monitor currently owned by a thread: None

Heap:
 PSYoungGen      total 42496K, used 5535K [0x0000000791300000, 0x0000000794200000, 0x00000007c0000000)
  eden space 36864K, 15% used [0x0000000791300000,0x0000000791867f30,0x0000000793700000)
  from space 5632K, 0% used [0x0000000793c80000,0x0000000793c80000,0x0000000794200000)
  to   space 5632K, 0% used [0x0000000793700000,0x0000000793700000,0x0000000793c80000)
 ParOldGen       total 97280K, used 0K [0x0000000733800000, 0x0000000739700000, 0x0000000791300000)
  object space 97280K, 0% used [0x0000000733800000,0x0000000733800000,0x0000000739700000)
 Metaspace       used 5027K, capacity 5248K, committed 5504K, reserved 1056768K
  class space    used 584K, capacity 600K, committed 640K, reserved 1048576K

Card table byte_map: [0x00007f32c98b9000,0x00007f32c9d1e000] byte_map_base: 0x00007f32c5f1d000

Marking Bits: (ParMarkBitMap*) 0x00007f32cc456280
 Begin Bits: [0x00007f32b09c0000, 0x00007f32b2ce0000)
 End Bits:   [0x00007f32b2ce0000, 0x00007f32b5000000)

Polling page: 0x00007f32cd0a8000

CodeCache: size=245760Kb used=1594Kb max_used=1594Kb free=244165Kb
 bounds [0x00007f32b5000000, 0x00007f32b5270000, 0x00007f32c4000000]
 total_blobs=501 nmethods=236 adapters=179
 compilation: enabled

Compilation events (10 events):
Event: 0.397 Thread 0x00007f32c413f000  232  s    3       java.lang.reflect.Executable::declaredAnnotations (59 bytes)
Event: 0.398 Thread 0x00007f32c413f000 nmethod 232 0x00007f32b518d090 code [0x00007f32b518d280, 0x00007f32b518db68]
Event: 0.398 Thread 0x00007f32c413f000  233   !   3       java.net.URLClassLoader::findClass (47 bytes)
Event: 0.399 Thread 0x00007f32c413f000 nmethod 233 0x00007f32b518de90 code [0x00007f32b518e040, 0x00007f32b518e618]
Event: 0.399 Thread 0x00007f32c413f000  234       3       java.net.URLClassLoader$1::run (5 bytes)
Event: 0.399 Thread 0x00007f32c413f000 nmethod 234 0x00007f32b5189e50 code [0x00007f32b5189fc0, 0x00007f32b518a168]
Event: 0.406 Thread 0x00007f32c413f000  235       3       java.util.AbstractList::<init> (10 bytes)
Event: 0.406 Thread 0x00007f32c413f000 nmethod 235 0x00007f32b51899d0 code [0x00007f32b5189b40, 0x00007f32b5189d50]
Event: 0.406 Thread 0x00007f32c413f000  236       3       java.util.regex.Pattern$BitClass::isSatisfiedBy (22 bytes)
Event: 0.406 Thread 0x00007f32c413f000 nmethod 236 0x00007f32b518e850 code [0x00007f32b518e9c0, 0x00007f32b518ebd0]

GC Heap History (0 events):
No events

Deoptimization events (0 events):
No events

Classes redefined (0 events):
No events

Internal exceptions (6 events):
Event: 0.032 Thread 0x00007f32c400a800 Exception <a 'java/lang/NoSuchMethodError': Method sun.misc.Unsafe.defineClass(Ljava/lang/String;[BII)Ljava/lang/Class; name or signature does not match> (0x0000000791307cb0) thrown at [/HUDSON/workspace/8-2-build-linux-amd64/jdk8u171/10807/hotspot/src/sh
Event: 0.032 Thread 0x00007f32c400a800 Exception <a 'java/lang/NoSuchMethodError': Method sun.misc.Unsafe.prefetchRead(Ljava/lang/Object;J)V name or signature does not match> (0x0000000791307f98) thrown at [/HUDSON/workspace/8-2-build-linux-amd64/jdk8u171/10807/hotspot/src/share/vm/prims/jni.c
Event: 0.209 Thread 0x00007f32c400a800 Exception <a 'java/security/PrivilegedActionException'> (0x00000007915bd540) thrown at [/HUDSON/workspace/8-2-build-linux-amd64/jdk8u171/10807/hotspot/src/share/vm/prims/jvm.cpp, line 1435]
Event: 0.209 Thread 0x00007f32c400a800 Exception <a 'java/security/PrivilegedActionException'> (0x00000007915bd750) thrown at [/HUDSON/workspace/8-2-build-linux-amd64/jdk8u171/10807/hotspot/src/share/vm/prims/jvm.cpp, line 1435]
Event: 0.210 Thread 0x00007f32c400a800 Exception <a 'java/security/PrivilegedActionException'> (0x00000007915bfba0) thrown at [/HUDSON/workspace/8-2-build-linux-amd64/jdk8u171/10807/hotspot/src/share/vm/prims/jvm.cpp, line 1435]
Event: 0.210 Thread 0x00007f32c400a800 Exception <a 'java/security/PrivilegedActionException'> (0x00000007915bfdb0) thrown at [/HUDSON/workspace/8-2-build-linux-amd64/jdk8u171/10807/hotspot/src/share/vm/prims/jvm.cpp, line 1435]

Events (10 events):
Event: 0.398 loading class org/junit/runner/notification/RunNotifier$6
Event: 0.398 loading class org/junit/runner/notification/RunNotifier$6 done
Event: 0.399 loading class org/apache/maven/surefire/shade/org/codehaus/plexus/util/xml/Xpp3Dom
Event: 0.399 loading class org/apache/maven/surefire/shade/org/codehaus/plexus/util/xml/Xpp3Dom done
Event: 0.400 loading class java/io/StringWriter
Event: 0.400 loading class java/io/StringWriter done
Event: 0.401 loading class java/text/DecimalFormat$FastPathData
Event: 0.401 loading class java/text/DecimalFormat$FastPathData done
Event: 0.401 loading class java/text/DecimalFormat$DigitArrays
Event: 0.401 loading class java/text/DecimalFormat$DigitArrays done


Dynamic libraries:
00400000-00401000 r-xp 00000000 08:05 4850179                            /usr/local/jdk1.8/jdk/jre/bin/java
00600000-00601000 rw-p 00000000 08:05 4850179                            /usr/local/jdk1.8/jdk/jre/bin/java
01b87000-01ba8000 rw-p 00000000 00:00 0                                  [heap]
733800000-739700000 rw-p 00000000 00:00 0 
739700000-791300000 ---p 00000000 00:00 0 
791300000-794200000 rw-p 00000000 00:00 0 
794200000-7c0000000 ---p 00000000 00:00 0 
7c0000000-7c00a0000 rw-p 00000000 00:00 0 
7c00a0000-800000000 ---p 00000000 00:00 0 
7f3280000000-7f3280021000 rw-p 00000000 00:00 0 
7f3280021000-7f3284000000 ---p 00000000 00:00 0 
7f3288000000-7f3288176000 rw-p 00000000 00:00 0 
7f3288176000-7f328c000000 ---p 00000000 00:00 0 
7f328c000000-7f328c021000 rw-p 00000000 00:00 0 
7f328c021000-7f3290000000 ---p 00000000 00:00 0 
7f3290000000-7f3290021000 rw-p 00000000 00:00 0 
7f3290021000-7f3294000000 ---p 00000000 00:00 0 
7f3294000000-7f329407f000 rw-p 00000000 00:00 0 
7f329407f000-7f3298000000 ---p 00000000 00:00 0 
7f3298000000-7f3298021000 rw-p 00000000 00:00 0 
7f3298021000-7f329c000000 ---p 00000000 00:00 0 
7f329c000000-7f329c021000 rw-p 00000000 00:00 0 
7f329c021000-7f32a0000000 ---p 00000000 00:00 0 
7f32a309e000-7f32a30f3000 r-xp 00000000 08:05 2113354                    /usr/local/lib/libpbc.so.1.0.0
7f32a30f3000-7f32a32f2000 ---p 00055000 08:05 2113354                    /usr/local/lib/libpbc.so.1.0.0
7f32a32f2000-7f32a32f3000 r--p 00054000 08:05 2113354                    /usr/local/lib/libpbc.so.1.0.0
7f32a32f3000-7f32a32f4000 rw-p 00055000 08:05 2113354                    /usr/local/lib/libpbc.so.1.0.0
7f32a32f4000-7f32a336a000 r-xp 00000000 08:05 2113645                    /usr/local/lib/libgmp.so.10.3.2
7f32a336a000-7f32a356a000 ---p 00076000 08:05 2113645                    /usr/local/lib/libgmp.so.10.3.2
7f32a356a000-7f32a356b000 r--p 00076000 08:05 2113645                    /usr/local/lib/libgmp.so.10.3.2
7f32a356b000-7f32a356c000 rw-p 00077000 08:05 2113645                    /usr/local/lib/libgmp.so.10.3.2
7f32a356c000-7f32a356f000 r-xp 00000000 08:05 2113447                    /home/ftpuser/gluster_project5.0/hycloud-client/target/classes/libhycloudnative.so
7f32a356f000-7f32a376f000 ---p 00003000 08:05 2113447                    /home/ftpuser/gluster_project5.0/hycloud-client/target/classes/libhycloudnative.so
7f32a376f000-7f32a3770000 r--p 00003000 08:05 2113447                    /home/ftpuser/gluster_project5.0/hycloud-client/target/classes/libhycloudnative.so
7f32a3770000-7f32a3771000 rw-p 00004000 08:05 2113447                    /home/ftpuser/gluster_project5.0/hycloud-client/target/classes/libhycloudnative.so
7f32a3771000-7f32a3772000 ---p 00000000 00:00 0 
7f32a3772000-7f32a3872000 rw-p 00000000 00:00 0 
7f32a3872000-7f32a3875000 ---p 00000000 00:00 0 
7f32a3875000-7f32a3973000 rw-p 00000000 00:00 0 
7f32a3973000-7f32a3976000 ---p 00000000 00:00 0 
7f32a3976000-7f32a3a74000 rw-p 00000000 00:00 0 
7f32a3a74000-7f32a3a77000 ---p 00000000 00:00 0 
7f32a3a77000-7f32a3b75000 rw-p 00000000 00:00 0 
7f32a3b75000-7f32a4000000 r--p 00000000 08:05 1966798                    /usr/lib/locale/locale-archive
7f32a4000000-7f32a4021000 rw-p 00000000 00:00 0 
7f32a4021000-7f32a8000000 ---p 00000000 00:00 0 
7f32a8000000-7f32a8021000 rw-p 00000000 00:00 0 
7f32a8021000-7f32ac000000 ---p 00000000 00:00 0 
7f32ac000000-7f32ac021000 rw-p 00000000 00:00 0 
7f32ac021000-7f32b0000000 ---p 00000000 00:00 0 
7f32b00b7000-7f32b00ba000 ---p 00000000 00:00 0 
7f32b00ba000-7f32b01b8000 rw-p 00000000 00:00 0 
7f32b01b8000-7f32b01bb000 ---p 00000000 00:00 0 
7f32b01bb000-7f32b02b9000 rw-p 00000000 00:00 0 
7f32b02b9000-7f32b02bc000 ---p 00000000 00:00 0 
7f32b02bc000-7f32b03ba000 rw-p 00000000 00:00 0 
7f32b03ba000-7f32b03bb000 ---p 00000000 00:00 0 
7f32b03bb000-7f32b5000000 rw-p 00000000 00:00 0 
7f32b5000000-7f32b5270000 rwxp 00000000 00:00 0 
7f32b5270000-7f32c4000000 ---p 00000000 00:00 0 
7f32c4000000-7f32c459d000 rw-p 00000000 00:00 0 
7f32c459d000-7f32c8000000 ---p 00000000 00:00 0 
7f32c80a6000-7f32c80c2000 r--s 00393000 08:05 4850346                    /usr/local/jdk1.8/jdk/jre/lib/ext/cldrdata.jar
7f32c80c2000-7f32c8515000 rw-p 00000000 00:00 0 
7f32c8515000-7f32c86ef000 r--s 03d68000 08:05 4850285                    /usr/local/jdk1.8/jdk/jre/lib/rt.jar
7f32c86ef000-7f32c8c25000 rw-p 00000000 00:00 0 
7f32c8c25000-7f32c8f65000 ---p 00000000 00:00 0 
7f32c8f65000-7f32c93c9000 rw-p 00000000 00:00 0 
7f32c93c9000-7f32c93ca000 ---p 00000000 00:00 0 
7f32c93ca000-7f32c94ca000 rw-p 00000000 00:00 0 
7f32c94ca000-7f32c94cb000 ---p 00000000 00:00 0 
7f32c94cb000-7f32c95fb000 rw-p 00000000 00:00 0 
7f32c95fb000-7f32c98b9000 ---p 00000000 00:00 0 
7f32c98b9000-7f32c98e9000 rw-p 00000000 00:00 0 
7f32c98e9000-7f32c9ba6000 ---p 00000000 00:00 0 
7f32c9ba6000-7f32c9bbe000 rw-p 00000000 00:00 0 
7f32c9bbe000-7f32c9d1d000 ---p 00000000 00:00 0 
7f32c9d1d000-7f32c9d28000 rw-p 00000000 00:00 0 
7f32c9d28000-7f32ca0de000 ---p 00000000 00:00 0 
7f32ca0de000-7f32ca0f9000 r-xp 00000000 08:05 4850497                    /usr/local/jdk1.8/jdk/jre/lib/amd64/libzip.so
7f32ca0f9000-7f32ca2f9000 ---p 0001b000 08:05 4850497                    /usr/local/jdk1.8/jdk/jre/lib/amd64/libzip.so
7f32ca2f9000-7f32ca2fa000 rw-p 0001b000 08:05 4850497                    /usr/local/jdk1.8/jdk/jre/lib/amd64/libzip.so
7f32ca2fa000-7f32ca305000 r-xp 00000000 08:05 789093                     /lib/x86_64-linux-gnu/libnss_files-2.23.so
7f32ca305000-7f32ca504000 ---p 0000b000 08:05 789093                     /lib/x86_64-linux-gnu/libnss_files-2.23.so
7f32ca504000-7f32ca505000 r--p 0000a000 08:05 789093                     /lib/x86_64-linux-gnu/libnss_files-2.23.so
7f32ca505000-7f32ca506000 rw-p 0000b000 08:05 789093                     /lib/x86_64-linux-gnu/libnss_files-2.23.so
7f32ca506000-7f32ca50c000 rw-p 00000000 00:00 0 
7f32ca50c000-7f32ca517000 r-xp 00000000 08:05 787844                     /lib/x86_64-linux-gnu/libnss_nis-2.23.so
7f32ca517000-7f32ca716000 ---p 0000b000 08:05 787844                     /lib/x86_64-linux-gnu/libnss_nis-2.23.so
7f32ca716000-7f32ca717000 r--p 0000a000 08:05 787844                     /lib/x86_64-linux-gnu/libnss_nis-2.23.so
7f32ca717000-7f32ca718000 rw-p 0000b000 08:05 787844                     /lib/x86_64-linux-gnu/libnss_nis-2.23.so
7f32ca718000-7f32ca72e000 r-xp 00000000 08:05 789091                     /lib/x86_64-linux-gnu/libnsl-2.23.so
7f32ca72e000-7f32ca92d000 ---p 00016000 08:05 789091                     /lib/x86_64-linux-gnu/libnsl-2.23.so
7f32ca92d000-7f32ca92e000 r--p 00015000 08:05 789091                     /lib/x86_64-linux-gnu/libnsl-2.23.so
7f32ca92e000-7f32ca92f000 rw-p 00016000 08:05 789091                     /lib/x86_64-linux-gnu/libnsl-2.23.so
7f32ca92f000-7f32ca931000 rw-p 00000000 00:00 0 
7f32ca931000-7f32ca939000 r-xp 00000000 08:05 789097                     /lib/x86_64-linux-gnu/libnss_compat-2.23.so
7f32ca939000-7f32cab38000 ---p 00008000 08:05 789097                     /lib/x86_64-linux-gnu/libnss_compat-2.23.so
7f32cab38000-7f32cab39000 r--p 00007000 08:05 789097                     /lib/x86_64-linux-gnu/libnss_compat-2.23.so
7f32cab39000-7f32cab3a000 rw-p 00008000 08:05 789097                     /lib/x86_64-linux-gnu/libnss_compat-2.23.so
7f32cab3a000-7f32cab65000 r-xp 00000000 08:05 4850491                    /usr/local/jdk1.8/jdk/jre/lib/amd64/libjava.so
7f32cab65000-7f32cad64000 ---p 0002b000 08:05 4850491                    /usr/local/jdk1.8/jdk/jre/lib/amd64/libjava.so
7f32cad64000-7f32cad66000 rw-p 0002a000 08:05 4850491                    /usr/local/jdk1.8/jdk/jre/lib/amd64/libjava.so
7f32cad66000-7f32cad73000 r-xp 00000000 08:05 4850496                    /usr/local/jdk1.8/jdk/jre/lib/amd64/libverify.so
7f32cad73000-7f32caf73000 ---p 0000d000 08:05 4850496                    /usr/local/jdk1.8/jdk/jre/lib/amd64/libverify.so
7f32caf73000-7f32caf75000 rw-p 0000d000 08:05 4850496                    /usr/local/jdk1.8/jdk/jre/lib/amd64/libverify.so
7f32caf75000-7f32caf7c000 r-xp 00000000 08:05 787784                     /lib/x86_64-linux-gnu/librt-2.23.so
7f32caf7c000-7f32cb17b000 ---p 00007000 08:05 787784                     /lib/x86_64-linux-gnu/librt-2.23.so
7f32cb17b000-7f32cb17c000 r--p 00006000 08:05 787784                     /lib/x86_64-linux-gnu/librt-2.23.so
7f32cb17c000-7f32cb17d000 rw-p 00007000 08:05 787784                     /lib/x86_64-linux-gnu/librt-2.23.so
7f32cb17d000-7f32cb285000 r-xp 00000000 08:05 789099                     /lib/x86_64-linux-gnu/libm-2.23.so
7f32cb285000-7f32cb484000 ---p 00108000 08:05 789099                     /lib/x86_64-linux-gnu/libm-2.23.so
7f32cb484000-7f32cb485000 r--p 00107000 08:05 789099                     /lib/x86_64-linux-gnu/libm-2.23.so
7f32cb485000-7f32cb486000 rw-p 00108000 08:05 789099                     /lib/x86_64-linux-gnu/libm-2.23.so
7f32cb486000-7f32cc15f000 r-xp 00000000 08:05 4850473                    /usr/local/jdk1.8/jdk/jre/lib/amd64/server/libjvm.so
7f32cc15f000-7f32cc35e000 ---p 00cd9000 08:05 4850473                    /usr/local/jdk1.8/jdk/jre/lib/amd64/server/libjvm.so
7f32cc35e000-7f32cc438000 rw-p 00cd8000 08:05 4850473                    /usr/local/jdk1.8/jdk/jre/lib/amd64/server/libjvm.so
7f32cc438000-7f32cc483000 rw-p 00000000 00:00 0 
7f32cc483000-7f32cc643000 r-xp 00000000 08:05 789096                     /lib/x86_64-linux-gnu/libc-2.23.so
7f32cc643000-7f32cc843000 ---p 001c0000 08:05 789096                     /lib/x86_64-linux-gnu/libc-2.23.so
7f32cc843000-7f32cc847000 r--p 001c0000 08:05 789096                     /lib/x86_64-linux-gnu/libc-2.23.so
7f32cc847000-7f32cc849000 rw-p 001c4000 08:05 789096                     /lib/x86_64-linux-gnu/libc-2.23.so
7f32cc849000-7f32cc84d000 rw-p 00000000 00:00 0 
7f32cc84d000-7f32cc850000 r-xp 00000000 08:05 787839                     /lib/x86_64-linux-gnu/libdl-2.23.so
7f32cc850000-7f32cca4f000 ---p 00003000 08:05 787839                     /lib/x86_64-linux-gnu/libdl-2.23.so
7f32cca4f000-7f32cca50000 r--p 00002000 08:05 787839                     /lib/x86_64-linux-gnu/libdl-2.23.so
7f32cca50000-7f32cca51000 rw-p 00003000 08:05 787839                     /lib/x86_64-linux-gnu/libdl-2.23.so
7f32cca51000-7f32cca67000 r-xp 00000000 08:05 4850468                    /usr/local/jdk1.8/jdk/jre/lib/amd64/jli/libjli.so
7f32cca67000-7f32ccc66000 ---p 00016000 08:05 4850468                    /usr/local/jdk1.8/jdk/jre/lib/amd64/jli/libjli.so
7f32ccc66000-7f32ccc67000 rw-p 00015000 08:05 4850468                    /usr/local/jdk1.8/jdk/jre/lib/amd64/jli/libjli.so
7f32ccc67000-7f32ccc7f000 r-xp 00000000 08:05 787841                     /lib/x86_64-linux-gnu/libpthread-2.23.so
7f32ccc7f000-7f32cce7e000 ---p 00018000 08:05 787841                     /lib/x86_64-linux-gnu/libpthread-2.23.so
7f32cce7e000-7f32cce7f000 r--p 00017000 08:05 787841                     /lib/x86_64-linux-gnu/libpthread-2.23.so
7f32cce7f000-7f32cce80000 rw-p 00018000 08:05 787841                     /lib/x86_64-linux-gnu/libpthread-2.23.so
7f32cce80000-7f32cce84000 rw-p 00000000 00:00 0 
7f32cce84000-7f32cceaa000 r-xp 00000000 08:05 787840                     /lib/x86_64-linux-gnu/ld-2.23.so
7f32cceab000-7f32cceb5000 r--s 00116000 08:05 4850353                    /usr/local/jdk1.8/jdk/jre/lib/ext/localedata.jar
7f32cceb5000-7f32cceb7000 r--s 00003000 08:05 1212930                    /root/.m2/repository/org/apache/maven/surefire/surefire-junit4/2.7/surefire-junit4-2.7.jar
7f32cceb7000-7f32cceb9000 r--s 00000000 08:05 1106649                    /root/.m2/repository/cz/adamh/utils/native-utils/1.0-SNAPSHOT/native-utils-1.0-SNAPSHOT.jar
7f32cceb9000-7f32ccebb000 r--s 00001000 08:05 1332944                    /root/.m2/repository/com/github/fommil/jniloader/1.1/jniloader-1.1.jar
7f32ccebb000-7f32ccebf000 r--s 000e4000 08:05 1457554                    /root/.m2/repository/net/java/dev/jna/jna/3.2.5/jna-3.2.5.jar
7f32ccebf000-7f32ccec1000 r--s 00008000 08:05 3158606                    /root/.m2/repository/it/unisa/dia/gas/jpbc-pbc/2.0.0/jpbc-pbc-2.0.0.jar
7f32ccec1000-7f32ccee9000 r--s 001a3000 08:05 3158719                    /root/.m2/repository/org/bouncycastle/bcprov-jdk16/1.46/bcprov-jdk16-1.46.jar
7f32ccee9000-7f32cceeb000 r--s 0000b000 08:05 3158537                    /root/.m2/repository/it/unisa/dia/gas/jpbc-mm/2.0.0/jpbc-mm-2.0.0.jar
7f32cceeb000-7f32ccef2000 r--s 00026000 08:05 3158718                    /root/.m2/repository/it/unisa/dia/gas/jpbc-crypto/2.0.0/jpbc-crypto-2.0.0.jar
7f32ccef2000-7f32ccef8000 r--s 00038000 08:05 3158503                    /root/.m2/repository/it/unisa/dia/gas/jpbc-plaf/2.0.0/jpbc-plaf-2.0.0.jar
7f32ccef8000-7f32ccf7f000 rw-p 00000000 00:00 0 
7f32ccf7f000-7f32ccf82000 ---p 00000000 00:00 0 
7f32ccf82000-7f32cd085000 rw-p 00000000 00:00 0 
7f32cd085000-7f32cd086000 r--s 00001000 08:05 3158497                    /root/.m2/repository/it/unisa/dia/gas/jpbc-api/2.0.0/jpbc-api-2.0.0.jar
7f32cd086000-7f32cd089000 r--s 00017000 08:05 3148276                    /root/.m2/repository/junit/junit/4.0/junit-4.0.jar
7f32cd089000-7f32cd08b000 r--s 00005000 08:05 3830940                    /root/.m2/repository/cn/edu/nudt/hycloud-interface/0.0.1-SNAPSHOT/hycloud-interface-0.0.1-SNAPSHOT.jar
7f32cd08b000-7f32cd092000 r--s 00087000 08:05 3148253                    /root/.m2/repository/com/alibaba/fastjson/1.2.51/fastjson-1.2.51.jar
7f32cd092000-7f32cd096000 r--s 006b9000 08:05 4346448                    /root/.m2/repository/org/xerial/sqlite-jdbc/3.25.2/sqlite-jdbc-3.25.2.jar
7f32cd096000-7f32cd098000 r--s 0000f000 08:05 3958014                    /root/.m2/repository/com/beust/jcommander/1.72/jcommander-1.72.jar
7f32cd098000-7f32cd09c000 r--s 0001c000 08:05 811187                     /root/.m2/repository/org/apache/maven/surefire/surefire-api/2.7/surefire-api-2.7.jar
7f32cd09c000-7f32cd09e000 r--s 00007000 08:05 807708                     /root/.m2/repository/org/apache/maven/surefire/surefire-booter/2.7/surefire-booter-2.7.jar
7f32cd09e000-7f32cd09f000 r--s 00000000 08:05 1463214                    /home/ftpuser/gluster_project5.0/hycloud-client/target/surefire/surefirebooter8908126583896807880.jar
7f32cd09f000-7f32cd0a7000 rw-s 00000000 08:05 2113450                    /tmp/hsperfdata_root/9249
7f32cd0a7000-7f32cd0a8000 rw-p 00000000 00:00 0 
7f32cd0a8000-7f32cd0a9000 r--p 00000000 00:00 0 
7f32cd0a9000-7f32cd0aa000 r--p 00025000 08:05 787840                     /lib/x86_64-linux-gnu/ld-2.23.so
7f32cd0aa000-7f32cd0ab000 rw-p 00026000 08:05 787840                     /lib/x86_64-linux-gnu/ld-2.23.so
7f32cd0ab000-7f32cd0ac000 rw-p 00000000 00:00 0 
7fff892f3000-7fff89315000 rw-p 00000000 00:00 0                          [stack]
7fff8934f000-7fff89352000 r--p 00000000 00:00 0                          [vvar]
7fff89352000-7fff89354000 r-xp 00000000 00:00 0                          [vdso]
ffffffffff600000-ffffffffff601000 r-xp 00000000 00:00 0                  [vsyscall]

VM Arguments:
java_command: /home/ftpuser/gluster_project5.0/hycloud-client/target/surefire/surefirebooter8908126583896807880.jar /home/ftpuser/gluster_project5.0/hycloud-client/target/surefire/surefire2215276243850371961tmp /home/ftpuser/gluster_project5.0/hycloud-client/target/surefire/surefire723960329764383543tmp
java_class_path (initial): /home/ftpuser/gluster_project5.0/hycloud-client/target/surefire/surefirebooter8908126583896807880.jar
Launcher Type: SUN_STANDARD

Environment Variables:
JAVA_HOME=/usr/local/jdk1.8/jdk
JRE_HOME=/usr/local/jdk1.8/jdk/jre
CLASSPATH=.:/usr/local/jdk1.8/jdk/lib:/usr/local/jdk1.8/jdk/jre/lib
PATH=/root/.nvm/versions/node/v8.12.0/bin:/usr/local/sbin:/usr/local/bin:/usr/sbin:/usr/bin:/sbin:/bin:/usr/games:/usr/local/games:/usr/local/hbase/bin:/usr/local/jdk1.8/jdk/bin:/usr/local/mongo/mongodb3.4/bin:/usr/local/maven/bin
SHELL=/bin/bash
DISPLAY=:0

Signal Handlers:
SIGSEGV: [libjvm.so+0xad0890], sa_mask[0]=11111111011111111101111111111110, sa_flags=SA_RESTART|SA_SIGINFO
SIGBUS: [libjvm.so+0xad0890], sa_mask[0]=11111111011111111101111111111110, sa_flags=SA_RESTART|SA_SIGINFO
SIGFPE: [libjvm.so+0x928640], sa_mask[0]=11111111011111111101111111111110, sa_flags=SA_RESTART|SA_SIGINFO
SIGPIPE: [libjvm.so+0x928640], sa_mask[0]=11111111011111111101111111111110, sa_flags=SA_RESTART|SA_SIGINFO
SIGXFSZ: [libjvm.so+0x928640], sa_mask[0]=11111111011111111101111111111110, sa_flags=SA_RESTART|SA_SIGINFO
SIGILL: [libjvm.so+0x928640], sa_mask[0]=11111111011111111101111111111110, sa_flags=SA_RESTART|SA_SIGINFO
SIGUSR1: SIG_DFL, sa_mask[0]=00000000000000000000000000000000, sa_flags=none
SIGUSR2: [libjvm.so+0x929ea0], sa_mask[0]=00100000000000000000000000000000, sa_flags=SA_RESTART|SA_SIGINFO
SIGHUP: [libjvm.so+0x92b2a0], sa_mask[0]=11111111011111111101111111111110, sa_flags=SA_RESTART|SA_SIGINFO
SIGINT: [libjvm.so+0x92b2a0], sa_mask[0]=11111111011111111101111111111110, sa_flags=SA_RESTART|SA_SIGINFO
SIGTERM: [libjvm.so+0x92b2a0], sa_mask[0]=11111111011111111101111111111110, sa_flags=SA_RESTART|SA_SIGINFO
SIGQUIT: [libjvm.so+0x92b2a0], sa_mask[0]=11111111011111111101111111111110, sa_flags=SA_RESTART|SA_SIGINFO


---------------  S Y S T E M  ---------------

OS:DISTRIB_ID=Ubuntu
DISTRIB_RELEASE=16.04
DISTRIB_CODENAME=xenial
DISTRIB_DESCRIPTION="Ubuntu 16.04.6 LTS"

uname:Linux 4.4.0-142-generic #168-Ubuntu SMP Wed Jan 16 21:00:45 UTC 2019 x86_64
libc:glibc 2.23 NPTL 2.23 
rlimit: STACK 8192k, CORE 0k, NPROC 35800, NOFILE 1048576, AS infinity
load average:1.11 1.12 1.13

/proc/meminfo:
MemTotal:        9207224 kB
MemFree:         3693908 kB
MemAvailable:    6300528 kB
Buffers:          486736 kB
Cached:          2085416 kB
SwapCached:            0 kB
Active:          3962152 kB
Inactive:        1035476 kB
Active(anon):    2426452 kB
Inactive(anon):    35176 kB
Active(file):    1535700 kB
Inactive(file):  1000300 kB
Unevictable:          48 kB
Mlocked:              48 kB
SwapTotal:       3296252 kB
SwapFree:        3296252 kB
Dirty:               272 kB
Writeback:             0 kB
AnonPages:       2425588 kB
Mapped:           376504 kB
Shmem:             36156 kB
Slab:             410628 kB
SReclaimable:     378608 kB
SUnreclaim:        32020 kB
KernelStack:       12976 kB
PageTables:        42004 kB
NFS_Unstable:          0 kB
Bounce:                0 kB
WritebackTmp:          0 kB
CommitLimit:     7899864 kB
Committed_AS:    8661868 kB
VmallocTotal:   34359738367 kB
VmallocUsed:           0 kB
VmallocChunk:          0 kB
HardwareCorrupted:     0 kB
AnonHugePages:      8192 kB
CmaTotal:              0 kB
CmaFree:               0 kB
HugePages_Total:       0
HugePages_Free:        0
HugePages_Rsvd:        0
HugePages_Surp:        0
Hugepagesize:       2048 kB
DirectMap4k:       96192 kB
DirectMap2M:     9340928 kB


CPU:total 2 (initial active 2) (2 cores per cpu, 1 threads per core) family 6 model 142 stepping 9, cmov, cx8, fxsr, mmx, sse, sse2, sse3, ssse3, sse4.1, sse4.2, popcnt, avx, avx2, clmul, 3dnowpref, lzcnt, tsc, tscinvbit

/proc/cpuinfo:
processor	: 0
vendor_id	: GenuineIntel
cpu family	: 6
model		: 142
model name	: Intel(R) Core(TM) i5-7200U CPU @ 2.50GHz
stepping	: 9
cpu MHz		: 2712.002
cache size	: 3072 KB
physical id	: 0
siblings	: 2
core id		: 0
cpu cores	: 2
apicid		: 0
initial apicid	: 0
fpu		: yes
fpu_exception	: yes
cpuid level	: 22
wp		: yes
flags		: fpu vme de pse tsc msr pae mce cx8 apic sep mtrr pge mca cmov pat pse36 clflush mmx fxsr sse sse2 ht syscall nx rdtscp lm constant_tsc rep_good nopl xtopology nonstop_tsc pni pclmulqdq ssse3 cx16 pcid sse4_1 sse4_2 x2apic movbe popcnt xsave avx rdrand hypervisor lahf_lm abm 3dnowprefetch invpcid_single kaiser fsgsbase avx2 invpcid rdseed clflushopt
bugs		: cpu_meltdown spectre_v1 spectre_v2 spec_store_bypass l1tf
bogomips	: 5424.00
clflush size	: 64
cache_alignment	: 64
address sizes	: 39 bits physical, 48 bits virtual
power management:

processor	: 1
vendor_id	: GenuineIntel
cpu family	: 6
model		: 142
model name	: Intel(R) Core(TM) i5-7200U CPU @ 2.50GHz
stepping	: 9
cpu MHz		: 2712.002
cache size	: 3072 KB
physical id	: 0
siblings	: 2
core id		: 1
cpu cores	: 2
apicid		: 1
initial apicid	: 1
fpu		: yes
fpu_exception	: yes
cpuid level	: 22
wp		: yes
flags		: fpu vme de pse tsc msr pae mce cx8 apic sep mtrr pge mca cmov pat pse36 clflush mmx fxsr sse sse2 ht syscall nx rdtscp lm constant_tsc rep_good nopl xtopology nonstop_tsc pni pclmulqdq ssse3 cx16 pcid sse4_1 sse4_2 x2apic movbe popcnt xsave avx rdrand hypervisor lahf_lm abm 3dnowprefetch invpcid_single kaiser fsgsbase avx2 invpcid rdseed clflushopt
bugs		: cpu_meltdown spectre_v1 spectre_v2 spec_store_bypass l1tf
bogomips	: 5424.00
clflush size	: 64
cache_alignment	: 64
address sizes	: 39 bits physical, 48 bits virtual
power management:



Memory: 4k page, physical 9207224k(3693908k free), swap 3296252k(3296252k free)

vm_info: Java HotSpot(TM) 64-Bit Server VM (25.171-b11) for linux-amd64 JRE (1.8.0_171-b11), built on Mar 28 2018 17:07:08 by "java_re" with gcc 4.3.0 20080428 (Red Hat 4.3.0-8)

time: Sun May 12 09:46:59 2019
elapsed time: 0 seconds (0d 0h 0m 0s)

