#
# A fatal error has been detected by the Java Runtime Environment:
#
#  SIGSEGV (0xb) at pc=0x00007f8703d481c8, pid=14567, tid=0x00007f870525a700
#
# JRE version: Java(TM) SE Runtime Environment (8.0_171-b11) (build 1.8.0_171-b11)
# Java VM: Java HotSpot(TM) 64-Bit Server VM (25.171-b11 mixed mode linux-amd64 compressed oops)
# Problematic frame:
# V  [libjvm.so+0x6e71c8]  jni_GetStringUTFChars+0xb8
#
# Failed to write core dump. Core dumps have been disabled. To enable core dumping, try "ulimit -c unlimited" before starting Java again
#
# If you would like to submit a bug report, please visit:
#   http://bugreport.java.com/bugreport/crash.jsp
#

---------------  T H R E A D  ---------------

Current thread (0x00007f86fc00a800):  JavaThread "main" [_thread_in_vm, id=14569, stack(0x00007f870515a000,0x00007f870525b000)]

siginfo: si_signo: 11 (SIGSEGV), si_code: 1 (SEGV_MAPERR), si_addr: 0x0000000000000000

Registers:
RAX=0x00007f8704623b10, RBX=0x0000000000000000, RCX=0x00007f86fc00a9f8, RDX=0x00007f86fc00b038
RSP=0x00007f87052537b0, RBP=0x00007f8705253850, RSI=0x00007f86fc00a800, RDI=0x00007f86fc00a800
R8 =0x000000000000000e, R9 =0x000000000000000d, R10=0x000000000000000e, R11=0x00007f8703ae1830
R12=0x00007f86fc00a800, R13=0x00007f8700da6110, R14=0x00007f8705258128, R15=0x00007f87052537f0
RIP=0x00007f8703d481c8, EFLAGS=0x0000000000010283, CSGSFS=0x0000000000000033, ERR=0x0000000000000004
  TRAPNO=0x000000000000000e

Top of Stack: (sp=0x00007f87052537b0)
0x00007f87052537b0:   00007f86fc195508 0000000000000000
0x00007f87052537c0:   00007f8705253850 00007f8703d4128e
0x00007f87052537d0:   00007f8700a64018 00007f86fc100090
0x00007f87052537e0:   00007f86fc00a800 0000000000000000
0x00007f87052537f0:   00007f86fc00a800 00007f86fc00b030
0x00007f8705253800:   00007f86000001c6 00007f87041c1d90
0x00007f8705253810:   00007f86fc00a800 00007f86fc00a800
0x00007f8705253820:   00007f8700a64468 00007f8700da6110
0x00007f8705253830:   0000000000000000 00007f8700da6110
0x00007f8705253840:   00007f8705258128 00007f86fc00a800
0x00007f8705253850:   00007f87052578c0 00007f86db76f14d
0x00007f8705253860:   00007f8700bd6e10 00007f8705257960
0x00007f8705253870:   00007f8705258120 00007f86fc00a9f8
0x00007f8705253880:   0000000000000000 00007f86fc100090
0x00007f8705253890:   00007f86fc195508 0000000000000000
0x00007f87052538a0:   00007f8600ca20e8 00007f8705255310
0x00007f87052538b0:   00007f8700ca30e8 0000000000ca30a8
0x00007f87052538c0:   0000000000ca20c8 0000000000000000
0x00007f87052538d0:   0000000000ab3c18 00000000000000b1
0x00007f87052538e0:   00007f8700a626b8 00007f8700bad060
0x00007f87052538f0:   00007f8600a4fa38 00007f8700a644e8
0x00007f8705253900:   00007f8700a644a8 00007f8600a62e68
0x00007f8705253910:   00007f8700c6cd50 00007f8700ca30e8
0x00007f8705253920:   00007f8700ca2480 00007f8600ca20c8
0x00007f8705253930:   00007f8700dad2b0 0000000000a62678
0x00007f8705253940:   00007f8700bcd460 00007f8700a0aee0
0x00007f8705253950:   00007f8700b01690 00007f8700bf5bc0
0x00007f8705253960:   00007f8700a644c8 00007f8705255160
0x00007f8705253970:   00007f8705255270 00007f8700c6cd50
0x00007f8705253980:   00007f8700ca20a8 00007f8705254260
0x00007f8705253990:   00007f8700c46e70 00007f87052541e0
0x00007f87052539a0:   00007f87052541a0 00007f8700bf5c00 

Instructions: (pc=0x00007f8703d481c8)
0x00007f8703d481a8:   84 24 70 02 00 00 06 00 00 00 4c 89 e6 4c 89 65
0x00007f8703d481b8:   c0 4c 89 ff e8 1f 01 01 00 48 8b 05 08 34 89 00
0x00007f8703d481c8:   4c 8b 2b 8b 10 48 8b 05 74 60 89 00 80 38 00 0f
0x00007f8703d481d8:   84 2b 01 00 00 48 63 c2 41 8b 54 05 00 85 d2 0f 

Register to memory mapping:

RAX=0x00007f8704623b10: <offset 0xfc2b10> in /usr/local/jdk1.8/jdk/jre/lib/amd64/server/libjvm.so at 0x00007f8703661000
RBX=0x0000000000000000 is an unknown value
RCX=0x00007f86fc00a9f8 is an unknown value
RDX=0x00007f86fc00b038 is an unknown value
RSP=0x00007f87052537b0 is pointing into the stack for thread: 0x00007f86fc00a800
RBP=0x00007f8705253850 is pointing into the stack for thread: 0x00007f86fc00a800
RSI=0x00007f86fc00a800 is a thread
RDI=0x00007f86fc00a800 is a thread
R8 =0x000000000000000e is an unknown value
R9 =0x000000000000000d is an unknown value
R10=0x000000000000000e is an unknown value
R11=0x00007f8703ae1830: <offset 0x480830> in /usr/local/jdk1.8/jdk/jre/lib/amd64/server/libjvm.so at 0x00007f8703661000
R12=0x00007f86fc00a800 is a thread
R13={method} {0x00007f8700da6110} 'generate_x_and_p' '()[Ljava/lang/String;' in 'cn/edu/nudt/hycloudclient/util/SignUtil'
R14=0x00007f8705258128 is pointing into the stack for thread: 0x00007f86fc00a800
R15=0x00007f87052537f0 is pointing into the stack for thread: 0x00007f86fc00a800


Stack: [0x00007f870515a000,0x00007f870525b000],  sp=0x00007f87052537b0,  free space=997k
Native frames: (J=compiled Java code, j=interpreted, Vv=VM code, C=native code)
V  [libjvm.so+0x6e71c8]  jni_GetStringUTFChars+0xb8
C  [libhycloudnative.so+0x214d]  pbc_demo_pairing_init_me+0x10c
C  [libhycloudnative.so+0x2ca2]  generate_param+0x5d
C  [libhycloudnative.so+0x327f]  Java_cn_edu_nudt_hycloudclient_util_SignUtil_generate_1x_1and_1p+0xa7
j  cn.edu.nudt.hycloudclient.util.SignUtil.generate_x_and_p()[Ljava/lang/String;+0
j  GreetingTest.test_generate_param()V+0
v  ~StubRoutines::call_stub
V  [libjvm.so+0x695b96]  JavaCalls::call_helper(JavaValue*, methodHandle*, JavaCallArguments*, Thread*)+0x1056
V  [libjvm.so+0x9a4677]  Reflection::invoke(instanceKlassHandle, methodHandle, Handle, bool, objArrayHandle, BasicType, objArrayHandle, bool, Thread*)+0x5d7
V  [libjvm.so+0x9a7d87]  Reflection::invoke_method(oopDesc*, Handle, objArrayHandle, Thread*)+0x147
V  [libjvm.so+0x727d4b]  JVM_InvokeMethod+0x26b
j  sun.reflect.NativeMethodAccessorImpl.invoke0(Ljava/lang/reflect/Method;Ljava/lang/Object;[Ljava/lang/Object;)Ljava/lang/Object;+0
j  sun.reflect.NativeMethodAccessorImpl.invoke(Ljava/lang/Object;[Ljava/lang/Object;)Ljava/lang/Object;+100
j  sun.reflect.DelegatingMethodAccessorImpl.invoke(Ljava/lang/Object;[Ljava/lang/Object;)Ljava/lang/Object;+6
j  java.lang.reflect.Method.invoke(Ljava/lang/Object;[Ljava/lang/Object;)Ljava/lang/Object;+56
j  org.junit.internal.runners.TestMethodRunner.executeMethodBody()V+12
j  org.junit.internal.runners.TestMethodRunner.runUnprotected()V+1
j  org.junit.internal.runners.BeforeAndAfterRunner.runProtected()V+5
j  org.junit.internal.runners.TestMethodRunner.runMethod()V+1
j  org.junit.internal.runners.TestMethodRunner.run()V+64
j  org.junit.internal.runners.TestClassMethodsRunner.invokeTestMethod(Ljava/lang/reflect/Method;Lorg/junit/runner/notification/RunNotifier;)V+28
j  org.junit.internal.runners.TestClassMethodsRunner.run(Lorg/junit/runner/notification/RunNotifier;)V+47
j  org.junit.internal.runners.TestClassRunner$1.runUnprotected()V+11
j  org.junit.internal.runners.BeforeAndAfterRunner.runProtected()V+5
j  org.junit.internal.runners.TestClassRunner.run(Lorg/junit/runner/notification/RunNotifier;)V+20
j  org.apache.maven.surefire.junit4.JUnit4TestSet.execute(Ljava/lang/Class;Lorg/junit/runner/notification/RunNotifier;)V+10
j  org.apache.maven.surefire.junit4.JUnit4Provider.executeTestSet(Ljava/lang/Class;Lorg/apache/maven/surefire/report/ReporterManager;Ljava/lang/ClassLoader;Lorg/junit/runner/notification/RunNotifier;)V+41
j  org.apache.maven.surefire.junit4.JUnit4Provider.invoke(Ljava/lang/Object;)Lorg/apache/maven/surefire/suite/RunResult;+120
v  ~StubRoutines::call_stub
V  [libjvm.so+0x695b96]  JavaCalls::call_helper(JavaValue*, methodHandle*, JavaCallArguments*, Thread*)+0x1056
V  [libjvm.so+0x9a4677]  Reflection::invoke(instanceKlassHandle, methodHandle, Handle, bool, objArrayHandle, BasicType, objArrayHandle, bool, Thread*)+0x5d7
V  [libjvm.so+0x9a7d87]  Reflection::invoke_method(oopDesc*, Handle, objArrayHandle, Thread*)+0x147
V  [libjvm.so+0x727d4b]  JVM_InvokeMethod+0x26b
j  sun.reflect.NativeMethodAccessorImpl.invoke0(Ljava/lang/reflect/Method;Ljava/lang/Object;[Ljava/lang/Object;)Ljava/lang/Object;+0
j  sun.reflect.NativeMethodAccessorImpl.invoke(Ljava/lang/Object;[Ljava/lang/Object;)Ljava/lang/Object;+100
j  sun.reflect.DelegatingMethodAccessorImpl.invoke(Ljava/lang/Object;[Ljava/lang/Object;)Ljava/lang/Object;+6
j  java.lang.reflect.Method.invoke(Ljava/lang/Object;[Ljava/lang/Object;)Ljava/lang/Object;+56
j  org.apache.maven.surefire.booter.ProviderFactory$ClassLoaderProxy.invoke(Ljava/lang/Object;Ljava/lang/reflect/Method;[Ljava/lang/Object;)Ljava/lang/Object;+48
j  com.sun.proxy.$Proxy0.invoke(Ljava/lang/Object;)Lorg/apache/maven/surefire/suite/RunResult;+16
j  org.apache.maven.surefire.booter.SurefireStarter.invokeProvider(Ljava/lang/Object;Ljava/lang/ClassLoader;Ljava/lang/ClassLoader;)Lorg/apache/maven/surefire/suite/RunResult;+39
j  org.apache.maven.surefire.booter.SurefireStarter.runSuitesInProcess()Lorg/apache/maven/surefire/suite/RunResult;+23
j  org.apache.maven.surefire.booter.ForkedBooter.main([Ljava/lang/String;)V+134
v  ~StubRoutines::call_stub
V  [libjvm.so+0x695b96]  JavaCalls::call_helper(JavaValue*, methodHandle*, JavaCallArguments*, Thread*)+0x1056
V  [libjvm.so+0x6d7292]  jni_invoke_static(JNIEnv_*, JavaValue*, _jobject*, JNICallType, _jmethodID*, JNI_ArgumentPusher*, Thread*)+0x362
V  [libjvm.so+0x6f3afa]  jni_CallStaticVoidMethod+0x17a
C  [libjli.so+0x80ff]  JavaMain+0x81f
C  [libpthread.so.0+0x76ba]  start_thread+0xca

Java frames: (J=compiled Java code, j=interpreted, Vv=VM code)
j  cn.edu.nudt.hycloudclient.util.SignUtil.generate_x_and_p()[Ljava/lang/String;+0
j  GreetingTest.test_generate_param()V+0
v  ~StubRoutines::call_stub
j  sun.reflect.NativeMethodAccessorImpl.invoke0(Ljava/lang/reflect/Method;Ljava/lang/Object;[Ljava/lang/Object;)Ljava/lang/Object;+0
j  sun.reflect.NativeMethodAccessorImpl.invoke(Ljava/lang/Object;[Ljava/lang/Object;)Ljava/lang/Object;+100
j  sun.reflect.DelegatingMethodAccessorImpl.invoke(Ljava/lang/Object;[Ljava/lang/Object;)Ljava/lang/Object;+6
j  java.lang.reflect.Method.invoke(Ljava/lang/Object;[Ljava/lang/Object;)Ljava/lang/Object;+56
j  org.junit.internal.runners.TestMethodRunner.executeMethodBody()V+12
j  org.junit.internal.runners.TestMethodRunner.runUnprotected()V+1
j  org.junit.internal.runners.BeforeAndAfterRunner.runProtected()V+5
j  org.junit.internal.runners.TestMethodRunner.runMethod()V+1
j  org.junit.internal.runners.TestMethodRunner.run()V+64
j  org.junit.internal.runners.TestClassMethodsRunner.invokeTestMethod(Ljava/lang/reflect/Method;Lorg/junit/runner/notification/RunNotifier;)V+28
j  org.junit.internal.runners.TestClassMethodsRunner.run(Lorg/junit/runner/notification/RunNotifier;)V+47
j  org.junit.internal.runners.TestClassRunner$1.runUnprotected()V+11
j  org.junit.internal.runners.BeforeAndAfterRunner.runProtected()V+5
j  org.junit.internal.runners.TestClassRunner.run(Lorg/junit/runner/notification/RunNotifier;)V+20
j  org.apache.maven.surefire.junit4.JUnit4TestSet.execute(Ljava/lang/Class;Lorg/junit/runner/notification/RunNotifier;)V+10
j  org.apache.maven.surefire.junit4.JUnit4Provider.executeTestSet(Ljava/lang/Class;Lorg/apache/maven/surefire/report/ReporterManager;Ljava/lang/ClassLoader;Lorg/junit/runner/notification/RunNotifier;)V+41
j  org.apache.maven.surefire.junit4.JUnit4Provider.invoke(Ljava/lang/Object;)Lorg/apache/maven/surefire/suite/RunResult;+120
v  ~StubRoutines::call_stub
j  sun.reflect.NativeMethodAccessorImpl.invoke0(Ljava/lang/reflect/Method;Ljava/lang/Object;[Ljava/lang/Object;)Ljava/lang/Object;+0
j  sun.reflect.NativeMethodAccessorImpl.invoke(Ljava/lang/Object;[Ljava/lang/Object;)Ljava/lang/Object;+100
j  sun.reflect.DelegatingMethodAccessorImpl.invoke(Ljava/lang/Object;[Ljava/lang/Object;)Ljava/lang/Object;+6
j  java.lang.reflect.Method.invoke(Ljava/lang/Object;[Ljava/lang/Object;)Ljava/lang/Object;+56
j  org.apache.maven.surefire.booter.ProviderFactory$ClassLoaderProxy.invoke(Ljava/lang/Object;Ljava/lang/reflect/Method;[Ljava/lang/Object;)Ljava/lang/Object;+48
j  com.sun.proxy.$Proxy0.invoke(Ljava/lang/Object;)Lorg/apache/maven/surefire/suite/RunResult;+16
j  org.apache.maven.surefire.booter.SurefireStarter.invokeProvider(Ljava/lang/Object;Ljava/lang/ClassLoader;Ljava/lang/ClassLoader;)Lorg/apache/maven/surefire/suite/RunResult;+39
j  org.apache.maven.surefire.booter.SurefireStarter.runSuitesInProcess()Lorg/apache/maven/surefire/suite/RunResult;+23
j  org.apache.maven.surefire.booter.ForkedBooter.main([Ljava/lang/String;)V+134
v  ~StubRoutines::call_stub

---------------  P R O C E S S  ---------------

Java Threads: ( => current thread )
  0x00007f86fc149800 JavaThread "Service Thread" daemon [_thread_blocked, id=14580, stack(0x00007f86dba74000,0x00007f86dbb75000)]
  0x00007f86fc13f000 JavaThread "C1 CompilerThread1" daemon [_thread_blocked, id=14579, stack(0x00007f86e80b7000,0x00007f86e81b8000)]
  0x00007f86fc13c000 JavaThread "C2 CompilerThread0" daemon [_thread_blocked, id=14578, stack(0x00007f86e81b8000,0x00007f86e82b9000)]
  0x00007f86fc13a800 JavaThread "Signal Dispatcher" daemon [_thread_blocked, id=14577, stack(0x00007f86e82b9000,0x00007f86e83ba000)]
  0x00007f86fc107800 JavaThread "Finalizer" daemon [_thread_blocked, id=14576, stack(0x00007f86e83ba000,0x00007f86e84bb000)]
  0x00007f86fc103000 JavaThread "Reference Handler" daemon [_thread_blocked, id=14575, stack(0x00007f86e84bb000,0x00007f86e85bc000)]
=>0x00007f86fc00a800 JavaThread "main" [_thread_in_vm, id=14569, stack(0x00007f870515a000,0x00007f870525b000)]

Other Threads:
  0x00007f86fc0fb800 VMThread [stack: 0x00007f86e85bc000,0x00007f86e86bd000] [id=14574]
  0x00007f86fc14e800 WatcherThread [stack: 0x00007f86db973000,0x00007f86dba74000] [id=14581]

VM state:not at safepoint (normal execution)

VM Mutex/Monitor currently owned by a thread: None

Heap:
 PSYoungGen      total 42496K, used 5173K [0x0000000791300000, 0x0000000794200000, 0x00000007c0000000)
  eden space 36864K, 14% used [0x0000000791300000,0x000000079180d510,0x0000000793700000)
  from space 5632K, 0% used [0x0000000793c80000,0x0000000793c80000,0x0000000794200000)
  to   space 5632K, 0% used [0x0000000793700000,0x0000000793700000,0x0000000793c80000)
 ParOldGen       total 97280K, used 0K [0x0000000733800000, 0x0000000739700000, 0x0000000791300000)
  object space 97280K, 0% used [0x0000000733800000,0x0000000733800000,0x0000000739700000)
 Metaspace       used 4978K, capacity 5248K, committed 5504K, reserved 1056768K
  class space    used 581K, capacity 600K, committed 640K, reserved 1048576K

Card table byte_map: [0x00007f8701a94000,0x00007f8701ef9000] byte_map_base: 0x00007f86fe0f8000

Marking Bits: (ParMarkBitMap*) 0x00007f8704631280
 Begin Bits: [0x00007f86e89c0000, 0x00007f86eace0000)
 End Bits:   [0x00007f86eace0000, 0x00007f86ed000000)

Polling page: 0x00007f8705283000

CodeCache: size=245760Kb used=1523Kb max_used=1523Kb free=244236Kb
 bounds [0x00007f86ed000000, 0x00007f86ed270000, 0x00007f86fc000000]
 total_blobs=481 nmethods=216 adapters=179
 compilation: enabled

Compilation events (10 events):
Event: 0.367 Thread 0x00007f86fc13f000 nmethod 206 0x00007f86ed17ba50 code [0x00007f86ed17bbe0, 0x00007f86ed17bf88]
Event: 0.367 Thread 0x00007f86fc13f000  213       1       java.util.HashMap::afterNodeInsertion (1 bytes)
Event: 0.367 Thread 0x00007f86fc13f000 nmethod 213 0x00007f86ed1789d0 code [0x00007f86ed178b20, 0x00007f86ed178c30]
Event: 0.367 Thread 0x00007f86fc13f000  208       3       java.io.DataInputStream::readUTF (5 bytes)
Event: 0.367 Thread 0x00007f86fc13f000 nmethod 208 0x00007f86ed17b6d0 code [0x00007f86ed17b840, 0x00007f86ed17b9c8]
Event: 0.367 Thread 0x00007f86fc13f000  211       3       java.io.DataInputStream::readFully (9 bytes)
Event: 0.368 Thread 0x00007f86fc13f000 nmethod 211 0x00007f86ed17b250 code [0x00007f86ed17b3c0, 0x00007f86ed17b5e8]
Event: 0.371 Thread 0x00007f86fc13f000  214       3       java.util.AbstractMap::<init> (5 bytes)
Event: 0.371 Thread 0x00007f86fc13f000 nmethod 214 0x00007f86ed17c790 code [0x00007f86ed17c900, 0x00007f86ed17cab0]
Event: 0.373 Thread 0x00007f86fc13f000  215   !   3       java.net.URLClassLoader::findClass (47 bytes)

GC Heap History (0 events):
No events

Deoptimization events (0 events):
No events

Classes redefined (0 events):
No events

Internal exceptions (7 events):
Event: 0.039 Thread 0x00007f86fc00a800 Exception <a 'java/lang/NoSuchMethodError': Method sun.misc.Unsafe.defineClass(Ljava/lang/String;[BII)Ljava/lang/Class; name or signature does not match> (0x0000000791307cb0) thrown at [/HUDSON/workspace/8-2-build-linux-amd64/jdk8u171/10807/hotspot/src/sh
Event: 0.039 Thread 0x00007f86fc00a800 Exception <a 'java/lang/NoSuchMethodError': Method sun.misc.Unsafe.prefetchRead(Ljava/lang/Object;J)V name or signature does not match> (0x0000000791307f98) thrown at [/HUDSON/workspace/8-2-build-linux-amd64/jdk8u171/10807/hotspot/src/share/vm/prims/jni.c
Event: 0.189 Thread 0x00007f86fc00a800 Exception <a 'java/security/PrivilegedActionException'> (0x000000079154b1e0) thrown at [/HUDSON/workspace/8-2-build-linux-amd64/jdk8u171/10807/hotspot/src/share/vm/prims/jvm.cpp, line 1435]
Event: 0.189 Thread 0x00007f86fc00a800 Exception <a 'java/security/PrivilegedActionException'> (0x000000079154b3f0) thrown at [/HUDSON/workspace/8-2-build-linux-amd64/jdk8u171/10807/hotspot/src/share/vm/prims/jvm.cpp, line 1435]
Event: 0.190 Thread 0x00007f86fc00a800 Exception <a 'java/security/PrivilegedActionException'> (0x000000079154d840) thrown at [/HUDSON/workspace/8-2-build-linux-amd64/jdk8u171/10807/hotspot/src/share/vm/prims/jvm.cpp, line 1435]
Event: 0.190 Thread 0x00007f86fc00a800 Exception <a 'java/security/PrivilegedActionException'> (0x000000079154da50) thrown at [/HUDSON/workspace/8-2-build-linux-amd64/jdk8u171/10807/hotspot/src/share/vm/prims/jvm.cpp, line 1435]
Event: 0.373 Thread 0x00007f86fc00a800 Exception <a 'java/lang/NullPointerException'> (0x00000007917d0958) thrown at [/HUDSON/workspace/8-2-build-linux-amd64/jdk8u171/10807/hotspot/src/share/vm/interpreter/linkResolver.cpp, line 1185]

Events (10 events):
Event: 0.371 loading class sun/util/calendar/BaseCalendar$Date done
Event: 0.371 loading class sun/util/calendar/Gregorian$Date done
Event: 0.371 loading class sun/util/calendar/CalendarUtils
Event: 0.371 loading class sun/util/calendar/CalendarUtils done
Event: 0.371 loading class java/text/DateFormatSymbols
Event: 0.372 loading class java/text/DateFormatSymbols done
Event: 0.372 loading class sun/util/locale/provider/DateFormatSymbolsProviderImpl
Event: 0.372 loading class sun/util/locale/provider/DateFormatSymbolsProviderImpl done
Event: 0.373 loading class get_param_path
Event: 0.373 loading class get_param_path done


Dynamic libraries:
00400000-00401000 r-xp 00000000 08:05 4850179                            /usr/local/jdk1.8/jdk/jre/bin/java
00600000-00601000 rw-p 00000000 08:05 4850179                            /usr/local/jdk1.8/jdk/jre/bin/java
00e5f000-00e80000 rw-p 00000000 00:00 0                                  [heap]
733800000-739700000 rw-p 00000000 00:00 0 
739700000-791300000 ---p 00000000 00:00 0 
791300000-794200000 rw-p 00000000 00:00 0 
794200000-7c0000000 ---p 00000000 00:00 0 
7c0000000-7c00a0000 rw-p 00000000 00:00 0 
7c00a0000-800000000 ---p 00000000 00:00 0 
7f86b8000000-7f86b8021000 rw-p 00000000 00:00 0 
7f86b8021000-7f86bc000000 ---p 00000000 00:00 0 
7f86c0000000-7f86c015b000 rw-p 00000000 00:00 0 
7f86c015b000-7f86c4000000 ---p 00000000 00:00 0 
7f86c4000000-7f86c4021000 rw-p 00000000 00:00 0 
7f86c4021000-7f86c8000000 ---p 00000000 00:00 0 
7f86c8000000-7f86c8021000 rw-p 00000000 00:00 0 
7f86c8021000-7f86cc000000 ---p 00000000 00:00 0 
7f86cc000000-7f86cc043000 rw-p 00000000 00:00 0 
7f86cc043000-7f86d0000000 ---p 00000000 00:00 0 
7f86d0000000-7f86d0021000 rw-p 00000000 00:00 0 
7f86d0021000-7f86d4000000 ---p 00000000 00:00 0 
7f86d4000000-7f86d4021000 rw-p 00000000 00:00 0 
7f86d4021000-7f86d8000000 ---p 00000000 00:00 0 
7f86db29f000-7f86db2f4000 r-xp 00000000 08:05 2113354                    /usr/local/lib/libpbc.so.1.0.0
7f86db2f4000-7f86db4f3000 ---p 00055000 08:05 2113354                    /usr/local/lib/libpbc.so.1.0.0
7f86db4f3000-7f86db4f4000 r--p 00054000 08:05 2113354                    /usr/local/lib/libpbc.so.1.0.0
7f86db4f4000-7f86db4f5000 rw-p 00055000 08:05 2113354                    /usr/local/lib/libpbc.so.1.0.0
7f86db4f5000-7f86db56b000 r-xp 00000000 08:05 2113645                    /usr/local/lib/libgmp.so.10.3.2
7f86db56b000-7f86db76b000 ---p 00076000 08:05 2113645                    /usr/local/lib/libgmp.so.10.3.2
7f86db76b000-7f86db76c000 r--p 00076000 08:05 2113645                    /usr/local/lib/libgmp.so.10.3.2
7f86db76c000-7f86db76d000 rw-p 00077000 08:05 2113645                    /usr/local/lib/libgmp.so.10.3.2
7f86db76d000-7f86db771000 r-xp 00000000 08:05 1713312                    /home/ftpuser/gluster_project5.0/hycloud-client/target/classes/libhycloudnative.so
7f86db771000-7f86db971000 ---p 00004000 08:05 1713312                    /home/ftpuser/gluster_project5.0/hycloud-client/target/classes/libhycloudnative.so
7f86db971000-7f86db972000 r--p 00004000 08:05 1713312                    /home/ftpuser/gluster_project5.0/hycloud-client/target/classes/libhycloudnative.so
7f86db972000-7f86db973000 rw-p 00005000 08:05 1713312                    /home/ftpuser/gluster_project5.0/hycloud-client/target/classes/libhycloudnative.so
7f86db973000-7f86db974000 ---p 00000000 00:00 0 
7f86db974000-7f86dba74000 rw-p 00000000 00:00 0 
7f86dba74000-7f86dba77000 ---p 00000000 00:00 0 
7f86dba77000-7f86dbb75000 rw-p 00000000 00:00 0 
7f86dbb75000-7f86dc000000 r--p 00000000 08:05 1966798                    /usr/lib/locale/locale-archive
7f86dc000000-7f86dc021000 rw-p 00000000 00:00 0 
7f86dc021000-7f86e0000000 ---p 00000000 00:00 0 
7f86e0000000-7f86e0021000 rw-p 00000000 00:00 0 
7f86e0021000-7f86e4000000 ---p 00000000 00:00 0 
7f86e4000000-7f86e4021000 rw-p 00000000 00:00 0 
7f86e4021000-7f86e8000000 ---p 00000000 00:00 0 
7f86e80b7000-7f86e80ba000 ---p 00000000 00:00 0 
7f86e80ba000-7f86e81b8000 rw-p 00000000 00:00 0 
7f86e81b8000-7f86e81bb000 ---p 00000000 00:00 0 
7f86e81bb000-7f86e82b9000 rw-p 00000000 00:00 0 
7f86e82b9000-7f86e82bc000 ---p 00000000 00:00 0 
7f86e82bc000-7f86e83ba000 rw-p 00000000 00:00 0 
7f86e83ba000-7f86e83bd000 ---p 00000000 00:00 0 
7f86e83bd000-7f86e84bb000 rw-p 00000000 00:00 0 
7f86e84bb000-7f86e84be000 ---p 00000000 00:00 0 
7f86e84be000-7f86e85bc000 rw-p 00000000 00:00 0 
7f86e85bc000-7f86e85bd000 ---p 00000000 00:00 0 
7f86e85bd000-7f86ed000000 rw-p 00000000 00:00 0 
7f86ed000000-7f86ed270000 rwxp 00000000 00:00 0 
7f86ed270000-7f86fc000000 ---p 00000000 00:00 0 
7f86fc000000-7f86fc5a6000 rw-p 00000000 00:00 0 
7f86fc5a6000-7f8700000000 ---p 00000000 00:00 0 
7f870009b000-7f87006f0000 rw-p 00000000 00:00 0 
7f87006f0000-7f87008ca000 r--s 03d68000 08:05 4850285                    /usr/local/jdk1.8/jdk/jre/lib/rt.jar
7f87008ca000-7f8700e00000 rw-p 00000000 00:00 0 
7f8700e00000-7f8701140000 ---p 00000000 00:00 0 
7f8701140000-7f87015a4000 rw-p 00000000 00:00 0 
7f87015a4000-7f87015a5000 ---p 00000000 00:00 0 
7f87015a5000-7f87016a5000 rw-p 00000000 00:00 0 
7f87016a5000-7f87016a6000 ---p 00000000 00:00 0 
7f87016a6000-7f87017d6000 rw-p 00000000 00:00 0 
7f87017d6000-7f8701a94000 ---p 00000000 00:00 0 
7f8701a94000-7f8701ac4000 rw-p 00000000 00:00 0 
7f8701ac4000-7f8701d81000 ---p 00000000 00:00 0 
7f8701d81000-7f8701d99000 rw-p 00000000 00:00 0 
7f8701d99000-7f8701ef8000 ---p 00000000 00:00 0 
7f8701ef8000-7f8701f03000 rw-p 00000000 00:00 0 
7f8701f03000-7f87022b9000 ---p 00000000 00:00 0 
7f87022b9000-7f87022d4000 r-xp 00000000 08:05 4850497                    /usr/local/jdk1.8/jdk/jre/lib/amd64/libzip.so
7f87022d4000-7f87024d4000 ---p 0001b000 08:05 4850497                    /usr/local/jdk1.8/jdk/jre/lib/amd64/libzip.so
7f87024d4000-7f87024d5000 rw-p 0001b000 08:05 4850497                    /usr/local/jdk1.8/jdk/jre/lib/amd64/libzip.so
7f87024d5000-7f87024e0000 r-xp 00000000 08:05 789093                     /lib/x86_64-linux-gnu/libnss_files-2.23.so
7f87024e0000-7f87026df000 ---p 0000b000 08:05 789093                     /lib/x86_64-linux-gnu/libnss_files-2.23.so
7f87026df000-7f87026e0000 r--p 0000a000 08:05 789093                     /lib/x86_64-linux-gnu/libnss_files-2.23.so
7f87026e0000-7f87026e1000 rw-p 0000b000 08:05 789093                     /lib/x86_64-linux-gnu/libnss_files-2.23.so
7f87026e1000-7f87026e7000 rw-p 00000000 00:00 0 
7f87026e7000-7f87026f2000 r-xp 00000000 08:05 787844                     /lib/x86_64-linux-gnu/libnss_nis-2.23.so
7f87026f2000-7f87028f1000 ---p 0000b000 08:05 787844                     /lib/x86_64-linux-gnu/libnss_nis-2.23.so
7f87028f1000-7f87028f2000 r--p 0000a000 08:05 787844                     /lib/x86_64-linux-gnu/libnss_nis-2.23.so
7f87028f2000-7f87028f3000 rw-p 0000b000 08:05 787844                     /lib/x86_64-linux-gnu/libnss_nis-2.23.so
7f87028f3000-7f8702909000 r-xp 00000000 08:05 789091                     /lib/x86_64-linux-gnu/libnsl-2.23.so
7f8702909000-7f8702b08000 ---p 00016000 08:05 789091                     /lib/x86_64-linux-gnu/libnsl-2.23.so
7f8702b08000-7f8702b09000 r--p 00015000 08:05 789091                     /lib/x86_64-linux-gnu/libnsl-2.23.so
7f8702b09000-7f8702b0a000 rw-p 00016000 08:05 789091                     /lib/x86_64-linux-gnu/libnsl-2.23.so
7f8702b0a000-7f8702b0c000 rw-p 00000000 00:00 0 
7f8702b0c000-7f8702b14000 r-xp 00000000 08:05 789097                     /lib/x86_64-linux-gnu/libnss_compat-2.23.so
7f8702b14000-7f8702d13000 ---p 00008000 08:05 789097                     /lib/x86_64-linux-gnu/libnss_compat-2.23.so
7f8702d13000-7f8702d14000 r--p 00007000 08:05 789097                     /lib/x86_64-linux-gnu/libnss_compat-2.23.so
7f8702d14000-7f8702d15000 rw-p 00008000 08:05 789097                     /lib/x86_64-linux-gnu/libnss_compat-2.23.so
7f8702d15000-7f8702d40000 r-xp 00000000 08:05 4850491                    /usr/local/jdk1.8/jdk/jre/lib/amd64/libjava.so
7f8702d40000-7f8702f3f000 ---p 0002b000 08:05 4850491                    /usr/local/jdk1.8/jdk/jre/lib/amd64/libjava.so
7f8702f3f000-7f8702f41000 rw-p 0002a000 08:05 4850491                    /usr/local/jdk1.8/jdk/jre/lib/amd64/libjava.so
7f8702f41000-7f8702f4e000 r-xp 00000000 08:05 4850496                    /usr/local/jdk1.8/jdk/jre/lib/amd64/libverify.so
7f8702f4e000-7f870314e000 ---p 0000d000 08:05 4850496                    /usr/local/jdk1.8/jdk/jre/lib/amd64/libverify.so
7f870314e000-7f8703150000 rw-p 0000d000 08:05 4850496                    /usr/local/jdk1.8/jdk/jre/lib/amd64/libverify.so
7f8703150000-7f8703157000 r-xp 00000000 08:05 787784                     /lib/x86_64-linux-gnu/librt-2.23.so
7f8703157000-7f8703356000 ---p 00007000 08:05 787784                     /lib/x86_64-linux-gnu/librt-2.23.so
7f8703356000-7f8703357000 r--p 00006000 08:05 787784                     /lib/x86_64-linux-gnu/librt-2.23.so
7f8703357000-7f8703358000 rw-p 00007000 08:05 787784                     /lib/x86_64-linux-gnu/librt-2.23.so
7f8703358000-7f8703460000 r-xp 00000000 08:05 789099                     /lib/x86_64-linux-gnu/libm-2.23.so
7f8703460000-7f870365f000 ---p 00108000 08:05 789099                     /lib/x86_64-linux-gnu/libm-2.23.so
7f870365f000-7f8703660000 r--p 00107000 08:05 789099                     /lib/x86_64-linux-gnu/libm-2.23.so
7f8703660000-7f8703661000 rw-p 00108000 08:05 789099                     /lib/x86_64-linux-gnu/libm-2.23.so
7f8703661000-7f870433a000 r-xp 00000000 08:05 4850473                    /usr/local/jdk1.8/jdk/jre/lib/amd64/server/libjvm.so
7f870433a000-7f8704539000 ---p 00cd9000 08:05 4850473                    /usr/local/jdk1.8/jdk/jre/lib/amd64/server/libjvm.so
7f8704539000-7f8704613000 rw-p 00cd8000 08:05 4850473                    /usr/local/jdk1.8/jdk/jre/lib/amd64/server/libjvm.so
7f8704613000-7f870465e000 rw-p 00000000 00:00 0 
7f870465e000-7f870481e000 r-xp 00000000 08:05 789096                     /lib/x86_64-linux-gnu/libc-2.23.so
7f870481e000-7f8704a1e000 ---p 001c0000 08:05 789096                     /lib/x86_64-linux-gnu/libc-2.23.so
7f8704a1e000-7f8704a22000 r--p 001c0000 08:05 789096                     /lib/x86_64-linux-gnu/libc-2.23.so
7f8704a22000-7f8704a24000 rw-p 001c4000 08:05 789096                     /lib/x86_64-linux-gnu/libc-2.23.so
7f8704a24000-7f8704a28000 rw-p 00000000 00:00 0 
7f8704a28000-7f8704a2b000 r-xp 00000000 08:05 787839                     /lib/x86_64-linux-gnu/libdl-2.23.so
7f8704a2b000-7f8704c2a000 ---p 00003000 08:05 787839                     /lib/x86_64-linux-gnu/libdl-2.23.so
7f8704c2a000-7f8704c2b000 r--p 00002000 08:05 787839                     /lib/x86_64-linux-gnu/libdl-2.23.so
7f8704c2b000-7f8704c2c000 rw-p 00003000 08:05 787839                     /lib/x86_64-linux-gnu/libdl-2.23.so
7f8704c2c000-7f8704c42000 r-xp 00000000 08:05 4850468                    /usr/local/jdk1.8/jdk/jre/lib/amd64/jli/libjli.so
7f8704c42000-7f8704e41000 ---p 00016000 08:05 4850468                    /usr/local/jdk1.8/jdk/jre/lib/amd64/jli/libjli.so
7f8704e41000-7f8704e42000 rw-p 00015000 08:05 4850468                    /usr/local/jdk1.8/jdk/jre/lib/amd64/jli/libjli.so
7f8704e42000-7f8704e5a000 r-xp 00000000 08:05 787841                     /lib/x86_64-linux-gnu/libpthread-2.23.so
7f8704e5a000-7f8705059000 ---p 00018000 08:05 787841                     /lib/x86_64-linux-gnu/libpthread-2.23.so
7f8705059000-7f870505a000 r--p 00017000 08:05 787841                     /lib/x86_64-linux-gnu/libpthread-2.23.so
7f870505a000-7f870505b000 rw-p 00018000 08:05 787841                     /lib/x86_64-linux-gnu/libpthread-2.23.so
7f870505b000-7f870505f000 rw-p 00000000 00:00 0 
7f870505f000-7f8705085000 r-xp 00000000 08:05 787840                     /lib/x86_64-linux-gnu/ld-2.23.so
7f8705085000-7f87050a1000 r--s 00393000 08:05 4850346                    /usr/local/jdk1.8/jdk/jre/lib/ext/cldrdata.jar
7f87050a1000-7f87050ab000 r--s 00116000 08:05 4850353                    /usr/local/jdk1.8/jdk/jre/lib/ext/localedata.jar
7f87050ab000-7f87050ad000 r--s 00003000 08:05 1212930                    /root/.m2/repository/org/apache/maven/surefire/surefire-junit4/2.7/surefire-junit4-2.7.jar
7f87050ad000-7f87050af000 r--s 00004000 08:05 3159508                    /root/.m2/repository/org/springframework/spring-jcl/5.0.10.RELEASE/spring-jcl-5.0.10.RELEASE.jar
7f87050af000-7f87050c7000 r--s 00115000 08:05 3159505                    /root/.m2/repository/org/springframework/spring-core/5.0.10.RELEASE/spring-core-5.0.10.RELEASE.jar
7f87050c7000-7f87050c9000 r--s 00001000 08:05 1332944                    /root/.m2/repository/com/github/fommil/jniloader/1.1/jniloader-1.1.jar
7f87050c9000-7f87050cc000 r--s 00017000 08:05 3148276                    /root/.m2/repository/junit/junit/4.0/junit-4.0.jar
7f87050cc000-7f87050d3000 r--s 00087000 08:05 3148253                    /root/.m2/repository/com/alibaba/fastjson/1.2.51/fastjson-1.2.51.jar
7f87050d3000-7f870515a000 rw-p 00000000 00:00 0 
7f870515a000-7f870515d000 ---p 00000000 00:00 0 
7f870515d000-7f8705260000 rw-p 00000000 00:00 0 
7f8705260000-7f8705262000 r--s 00005000 08:05 3830940                    /root/.m2/repository/cn/edu/nudt/hycloud-interface/0.0.1-SNAPSHOT/hycloud-interface-0.0.1-SNAPSHOT.jar
7f8705262000-7f8705266000 r--s 006b9000 08:05 4346448                    /root/.m2/repository/org/xerial/sqlite-jdbc/3.25.2/sqlite-jdbc-3.25.2.jar
7f8705266000-7f8705268000 r--s 0000f000 08:05 3958014                    /root/.m2/repository/com/beust/jcommander/1.72/jcommander-1.72.jar
7f8705268000-7f8705270000 r--s 0006e000 08:05 1581913                    /root/.m2/repository/org/apache/commons/commons-lang3/3.5/commons-lang3-3.5.jar
7f8705270000-7f8705272000 r--s 00005000 08:05 3933067                    /root/.m2/repository/org/slf4j/slf4j-api/1.6.6/slf4j-api-1.6.6.jar
7f8705272000-7f8705273000 r--s 00002000 08:05 3933072                    /root/.m2/repository/org/slf4j/slf4j-simple/1.6.6/slf4j-simple-1.6.6.jar
7f8705273000-7f8705277000 r--s 0001c000 08:05 811187                     /root/.m2/repository/org/apache/maven/surefire/surefire-api/2.7/surefire-api-2.7.jar
7f8705277000-7f8705279000 r--s 00007000 08:05 807708                     /root/.m2/repository/org/apache/maven/surefire/surefire-booter/2.7/surefire-booter-2.7.jar
7f8705279000-7f870527a000 r--s 00000000 08:05 1719972                    /home/ftpuser/gluster_project5.0/hycloud-client/target/surefire/surefirebooter7790854820142765199.jar
7f870527a000-7f8705282000 rw-s 00000000 08:05 2110658                    /tmp/hsperfdata_root/14567
7f8705282000-7f8705283000 rw-p 00000000 00:00 0 
7f8705283000-7f8705284000 r--p 00000000 00:00 0 
7f8705284000-7f8705285000 r--p 00025000 08:05 787840                     /lib/x86_64-linux-gnu/ld-2.23.so
7f8705285000-7f8705286000 rw-p 00026000 08:05 787840                     /lib/x86_64-linux-gnu/ld-2.23.so
7f8705286000-7f8705287000 rw-p 00000000 00:00 0 
7ffd54fe1000-7ffd55003000 rw-p 00000000 00:00 0                          [stack]
7ffd5506a000-7ffd5506d000 r--p 00000000 00:00 0                          [vvar]
7ffd5506d000-7ffd5506f000 r-xp 00000000 00:00 0                          [vdso]
ffffffffff600000-ffffffffff601000 r-xp 00000000 00:00 0                  [vsyscall]

VM Arguments:
java_command: /home/ftpuser/gluster_project5.0/hycloud-client/target/surefire/surefirebooter7790854820142765199.jar /home/ftpuser/gluster_project5.0/hycloud-client/target/surefire/surefire7330746552449526133tmp /home/ftpuser/gluster_project5.0/hycloud-client/target/surefire/surefire7538949056912808813tmp
java_class_path (initial): /home/ftpuser/gluster_project5.0/hycloud-client/target/surefire/surefirebooter7790854820142765199.jar
Launcher Type: SUN_STANDARD

Environment Variables:
JAVA_HOME=/usr/local/jdk1.8/jdk
JRE_HOME=/usr/local/jdk1.8/jdk/jre
CLASSPATH=/usr/local/IDEA/idea/lib/bootstrap.jar:/usr/local/IDEA/idea/lib/extensions.jar:/usr/local/IDEA/idea/lib/util.jar:/usr/local/IDEA/idea/lib/jdom.jar:/usr/local/IDEA/idea/lib/log4j.jar:/usr/local/IDEA/idea/lib/trove4j.jar:/usr/local/IDEA/idea/lib/jna.jar:/usr/local/jdk1.8/jdk/lib/tools.jar
PATH=/root/.nvm/versions/node/v8.12.0/bin:/usr/local/hbase/bin:/usr/local/jdk1.8/jdk/bin:/usr/local/mongo/mongodb3.4/bin:/usr/local/maven/bin:/usr/local/anaconda/InstalledPackage/anaconda3/bin:/usr/local/sbin:/usr/local/bin:/usr/sbin:/usr/bin:/sbin:/bin:/usr/games:/usr/local/games
SHELL=/bin/bash
DISPLAY=:0

Signal Handlers:
SIGSEGV: [libjvm.so+0xad0890], sa_mask[0]=11111111011111111101111111111110, sa_flags=SA_RESTART|SA_SIGINFO
SIGBUS: [libjvm.so+0xad0890], sa_mask[0]=11111111011111111101111111111110, sa_flags=SA_RESTART|SA_SIGINFO
SIGFPE: [libjvm.so+0x928640], sa_mask[0]=11111111011111111101111111111110, sa_flags=SA_RESTART|SA_SIGINFO
SIGPIPE: [libjvm.so+0x928640], sa_mask[0]=11111111011111111101111111111110, sa_flags=SA_RESTART|SA_SIGINFO
SIGXFSZ: [libjvm.so+0x928640], sa_mask[0]=11111111011111111101111111111110, sa_flags=SA_RESTART|SA_SIGINFO
SIGILL: [libjvm.so+0x928640], sa_mask[0]=11111111011111111101111111111110, sa_flags=SA_RESTART|SA_SIGINFO
SIGUSR1: SIG_DFL, sa_mask[0]=00000000000000000000000000000000, sa_flags=none
SIGUSR2: [libjvm.so+0x929ea0], sa_mask[0]=00100000000000000000000000000000, sa_flags=SA_RESTART|SA_SIGINFO
SIGHUP: [libjvm.so+0x92b2a0], sa_mask[0]=11111111011111111101111111111110, sa_flags=SA_RESTART|SA_SIGINFO
SIGINT: [libjvm.so+0x92b2a0], sa_mask[0]=11111111011111111101111111111110, sa_flags=SA_RESTART|SA_SIGINFO
SIGTERM: [libjvm.so+0x92b2a0], sa_mask[0]=11111111011111111101111111111110, sa_flags=SA_RESTART|SA_SIGINFO
SIGQUIT: [libjvm.so+0x92b2a0], sa_mask[0]=11111111011111111101111111111110, sa_flags=SA_RESTART|SA_SIGINFO


---------------  S Y S T E M  ---------------

OS:DISTRIB_ID=Ubuntu
DISTRIB_RELEASE=16.04
DISTRIB_CODENAME=xenial
DISTRIB_DESCRIPTION="Ubuntu 16.04.6 LTS"

uname:Linux 4.4.0-157-generic #185-Ubuntu SMP Tue Jul 23 09:17:01 UTC 2019 x86_64
libc:glibc 2.23 NPTL 2.23 
rlimit: STACK 8192k, CORE 0k, NPROC 35797, NOFILE 1048576, AS infinity
load average:1.59 1.01 0.93

/proc/meminfo:
MemTotal:        9207216 kB
MemFree:         2523616 kB
MemAvailable:    4819180 kB
Buffers:          190316 kB
Cached:          2346276 kB
SwapCached:            0 kB
Active:          5106456 kB
Inactive:        1304760 kB
Active(anon):    3875860 kB
Inactive(anon):    65492 kB
Active(file):    1230596 kB
Inactive(file):  1239268 kB
Unevictable:          48 kB
Mlocked:              48 kB
SwapTotal:       3296252 kB
SwapFree:        3296252 kB
Dirty:             13684 kB
Writeback:             0 kB
AnonPages:       3874780 kB
Mapped:           498248 kB
Shmem:             66732 kB
Slab:             134636 kB
SReclaimable:      98412 kB
SUnreclaim:        36224 kB
KernelStack:       15312 kB
PageTables:        56696 kB
NFS_Unstable:          0 kB
Bounce:                0 kB
WritebackTmp:          0 kB
CommitLimit:     7899860 kB
Committed_AS:   10626548 kB
VmallocTotal:   34359738367 kB
VmallocUsed:           0 kB
VmallocChunk:          0 kB
HardwareCorrupted:     0 kB
AnonHugePages:      6144 kB
CmaTotal:              0 kB
CmaFree:               0 kB
HugePages_Total:       0
HugePages_Free:        0
HugePages_Rsvd:        0
HugePages_Surp:        0
Hugepagesize:       2048 kB
DirectMap4k:      139200 kB
DirectMap2M:     9297920 kB


CPU:total 2 (initial active 2) (2 cores per cpu, 1 threads per core) family 6 model 142 stepping 9, cmov, cx8, fxsr, mmx, sse, sse2, sse3, ssse3, sse4.1, sse4.2, popcnt, avx, avx2, clmul, 3dnowpref, lzcnt, tsc, tscinvbit

/proc/cpuinfo:
processor	: 0
vendor_id	: GenuineIntel
cpu family	: 6
model		: 142
model name	: Intel(R) Core(TM) i5-7200U CPU @ 2.50GHz
stepping	: 9
cpu MHz		: 2711.998
cache size	: 3072 KB
physical id	: 0
siblings	: 2
core id		: 0
cpu cores	: 2
apicid		: 0
initial apicid	: 0
fpu		: yes
fpu_exception	: yes
cpuid level	: 22
wp		: yes
flags		: fpu vme de pse tsc msr pae mce cx8 apic sep mtrr pge mca cmov pat pse36 clflush mmx fxsr sse sse2 ht syscall nx rdtscp lm constant_tsc rep_good nopl xtopology nonstop_tsc tsc_known_freq pni pclmulqdq ssse3 cx16 pcid sse4_1 sse4_2 x2apic movbe popcnt xsave avx rdrand hypervisor lahf_lm abm 3dnowprefetch invpcid_single pti fsgsbase avx2 invpcid rdseed clflushopt flush_l1d
bugs		: cpu_meltdown spectre_v1 spectre_v2 spec_store_bypass l1tf mds
bogomips	: 5423.99
clflush size	: 64
cache_alignment	: 64
address sizes	: 39 bits physical, 48 bits virtual
power management:

processor	: 1
vendor_id	: GenuineIntel
cpu family	: 6
model		: 142
model name	: Intel(R) Core(TM) i5-7200U CPU @ 2.50GHz
stepping	: 9
cpu MHz		: 2711.998
cache size	: 3072 KB
physical id	: 0
siblings	: 2
core id		: 1
cpu cores	: 2
apicid		: 1
initial apicid	: 1
fpu		: yes
fpu_exception	: yes
cpuid level	: 22
wp		: yes
flags		: fpu vme de pse tsc msr pae mce cx8 apic sep mtrr pge mca cmov pat pse36 clflush mmx fxsr sse sse2 ht syscall nx rdtscp lm constant_tsc rep_good nopl xtopology nonstop_tsc tsc_known_freq pni pclmulqdq ssse3 cx16 pcid sse4_1 sse4_2 x2apic movbe popcnt xsave avx rdrand hypervisor lahf_lm abm 3dnowprefetch invpcid_single pti fsgsbase avx2 invpcid rdseed clflushopt flush_l1d
bugs		: cpu_meltdown spectre_v1 spectre_v2 spec_store_bypass l1tf mds
bogomips	: 5423.99
clflush size	: 64
cache_alignment	: 64
address sizes	: 39 bits physical, 48 bits virtual
power management:



Memory: 4k page, physical 9207216k(2523616k free), swap 3296252k(3296252k free)

vm_info: Java HotSpot(TM) 64-Bit Server VM (25.171-b11) for linux-amd64 JRE (1.8.0_171-b11), built on Mar 28 2018 17:07:08 by "java_re" with gcc 4.3.0 20080428 (Red Hat 4.3.0-8)

time: Sun Aug 18 13:28:18 2019
elapsed time: 0 seconds (0d 0h 0m 0s)

